[20:58:49,139][WARNING][main][G] Ignite work directory is not provided, automatically resolved to: C:\Users\abhinav\Desktop\personal\personal\personal\Ignite\igniteSQL\igniteSQL\bin\Debug\ignite\work
[20:58:49,633][INFO][main][IgniteKernal] 

>>>    __________  ________________  
>>>   /  _/ ___/ |/ /  _/_  __/ __/  
>>>  _/ // (7 7    // /  / / / _/    
>>> /___/\___/_/|_/___/ /_/ /___/   
>>> 
>>> ver. 2.8.0#20200226-sha1:341b01df
>>> 2020 Copyright(C) Apache Software Foundation
>>> 
>>> Ignite documentation: http://ignite.apache.org

[20:58:49,635][INFO][main][IgniteKernal] Config URL: n/a
[20:58:49,698][INFO][main][IgniteKernal] IgniteConfiguration [igniteInstanceName=null, pubPoolSize=8, svcPoolSize=8, callbackPoolSize=8, stripedPoolSize=8, sysPoolSize=8, mgmtPoolSize=4, igfsPoolSize=4, dataStreamerPoolSize=8, utilityCachePoolSize=8, utilityCacheKeepAliveTime=60000, p2pPoolSize=2, qryPoolSize=8, sqlQryHistSize=1000, dfltQryTimeout=0, igniteHome=null, igniteWorkDir=C:\Users\abhinav\Desktop\personal\personal\personal\Ignite\igniteSQL\igniteSQL\bin\Debug\ignite\work, mbeanSrv=com.sun.jmx.mbeanserver.JmxMBeanServer@54c562f7, nodeId=53fa23da-5ebb-45e4-bec0-9561c2b7e2b6, marsh=BinaryMarshaller [], marshLocJobs=false, daemon=false, p2pEnabled=false, netTimeout=5000, netCompressionLevel=1, sndRetryDelay=1000, sndRetryCnt=3, metricsHistSize=10000, metricsUpdateFreq=2000, metricsExpTime=9223372036854775807, discoSpi=TcpDiscoverySpi [addrRslvr=null, sockTimeout=0, ackTimeout=0, marsh=null, reconCnt=10, reconDelay=2000, maxAckTimeout=600000, soLinger=5, forceSrvMode=false, clientReconnectDisabled=false, internalLsnr=null, skipAddrsRandomization=false], segPlc=STOP, segResolveAttempts=2, waitForSegOnStart=true, allResolversPassReq=true, segChkFreq=10000, commSpi=TcpCommunicationSpi [connectGate=null, connPlc=org.apache.ignite.spi.communication.tcp.TcpCommunicationSpi$FirstConnectionPolicy@7bab3f1a, chConnPlc=null, enableForcibleNodeKill=false, enableTroubleshootingLog=false, locAddr=null, locHost=null, locPort=47100, locPortRange=100, shmemPort=-1, directBuf=true, directSndBuf=false, idleConnTimeout=600000, connTimeout=5000, maxConnTimeout=600000, reconCnt=10, sockSndBuf=32768, sockRcvBuf=32768, msgQueueLimit=0, slowClientQueueLimit=0, nioSrvr=null, shmemSrv=null, usePairedConnections=false, connectionsPerNode=1, tcpNoDelay=true, filterReachableAddresses=false, ackSndThreshold=32, unackedMsgsBufSize=0, sockWriteTimeout=2000, boundTcpPort=-1, boundTcpShmemPort=-1, selectorsCnt=4, selectorSpins=0, addrRslvr=null, ctxInitLatch=java.util.concurrent.CountDownLatch@437da279[Count = 1], stopping=false, metricsLsnr=null], evtSpi=org.apache.ignite.spi.eventstorage.NoopEventStorageSpi@23c30a20, colSpi=NoopCollisionSpi [], deploySpi=LocalDeploymentSpi [], indexingSpi=org.apache.ignite.spi.indexing.noop.NoopIndexingSpi@67f639d3, addrRslvr=null, encryptionSpi=org.apache.ignite.spi.encryption.noop.NoopEncryptionSpi@6253c26, clientMode=false, rebalanceThreadPoolSize=4, rebalanceTimeout=10000, rebalanceBatchesPrefetchCnt=3, rebalanceThrottle=0, rebalanceBatchSize=524288, txCfg=TransactionConfiguration [txSerEnabled=false, dfltIsolation=REPEATABLE_READ, dfltConcurrency=PESSIMISTIC, dfltTxTimeout=0, txTimeoutOnPartitionMapExchange=0, deadlockTimeout=10000, pessimisticTxLogSize=0, pessimisticTxLogLinger=10000, tmLookupClsName=null, txManagerFactory=null, useJtaSync=false], cacheSanityCheckEnabled=true, discoStartupDelay=60000, deployMode=SHARED, p2pMissedCacheSize=100, locHost=null, timeSrvPortBase=31100, timeSrvPortRange=100, failureDetectionTimeout=10000, sysWorkerBlockedTimeout=null, clientFailureDetectionTimeout=30000, metricsLogFreq=60000, hadoopCfg=null, connectorCfg=ConnectorConfiguration [jettyPath=null, host=null, port=11211, noDelay=true, directBuf=false, sndBufSize=32768, rcvBufSize=32768, idleQryCurTimeout=600000, idleQryCurCheckFreq=60000, sndQueueLimit=0, selectorCnt=4, idleTimeout=7000, sslEnabled=false, sslClientAuth=false, sslCtxFactory=null, sslFactory=null, portRange=100, threadPoolSize=8, msgInterceptor=null], odbcCfg=null, warmupClos=null, atomicCfg=AtomicConfiguration [seqReserveSize=1000, cacheMode=PARTITIONED, backups=1, aff=null, grpName=null], classLdr=null, sslCtxFactory=null, platformCfg=PlatformDotNetConfiguration [binaryCfg=null], binaryCfg=BinaryConfiguration [idMapper=null, nameMapper=null, serializer=null, compactFooter=true], memCfg=null, pstCfg=null, dsCfg=DataStorageConfiguration [sysRegionInitSize=41943040, sysRegionMaxSize=104857600, pageSize=0, concLvl=0, dfltDataRegConf=DataRegionConfiguration [name=default, maxSize=2561745715, initSize=268435456, swapPath=null, pageEvictionMode=DISABLED, evictionThreshold=0.9, emptyPagesPoolSize=100, metricsEnabled=false, metricsSubIntervalCount=5, metricsRateTimeInterval=60000, persistenceEnabled=false, checkpointPageBufSize=0, lazyMemoryAllocation=true], dataRegions=null, storagePath=null, checkpointFreq=180000, lockWaitTime=10000, checkpointThreads=4, checkpointWriteOrder=SEQUENTIAL, walHistSize=20, maxWalArchiveSize=1073741824, walSegments=10, walSegmentSize=67108864, walPath=db/wal, walArchivePath=db/wal/archive, metricsEnabled=false, walMode=LOG_ONLY, walTlbSize=131072, walBuffSize=0, walFlushFreq=2000, walFsyncDelay=1000, walRecordIterBuffSize=67108864, alwaysWriteFullPages=false, fileIOFactory=org.apache.ignite.internal.processors.cache.persistence.file.AsyncFileIOFactory@48aca48b, metricsSubIntervalCnt=5, metricsRateTimeInterval=60000, walAutoArchiveAfterInactivity=-1, writeThrottlingEnabled=false, walCompactionEnabled=false, walCompactionLevel=1, checkpointReadLockTimeout=null, walPageCompression=DISABLED, walPageCompressionLevel=null], activeOnStart=true, autoActivation=true, longQryWarnTimeout=3000, sqlConnCfg=null, cliConnCfg=ClientConnectorConfiguration [host=null, port=10800, portRange=100, sockSndBufSize=0, sockRcvBufSize=0, tcpNoDelay=true, maxOpenCursorsPerConn=128, threadPoolSize=8, idleTimeout=0, handshakeTimeout=10000, jdbcEnabled=true, odbcEnabled=true, thinCliEnabled=true, sslEnabled=false, useIgniteSslCtxFactory=true, sslClientAuth=false, sslCtxFactory=null, thinCliCfg=ThinClientConfiguration [maxActiveTxPerConn=100]], mvccVacuumThreadCnt=2, mvccVacuumFreq=5000, authEnabled=false, failureHnd=null, commFailureRslvr=null]
[20:58:49,727][INFO][main][IgniteKernal] Daemon mode: off
[20:58:49,727][INFO][main][IgniteKernal] OS: Windows 10 10.0 amd64
[20:58:49,728][INFO][main][IgniteKernal] OS user: abhinav
[20:58:49,750][INFO][main][IgniteKernal] PID: 5988
[20:58:49,751][INFO][main][IgniteKernal] Language runtime: Java Platform API Specification ver. 14
[20:58:49,754][INFO][main][IgniteKernal] VM information: Java(TM) SE Runtime Environment 14.0.1+7 Oracle Corporation Java HotSpot(TM) 64-Bit Server VM 14.0.1+7
[20:58:49,755][INFO][main][IgniteKernal] VM total memory: 3.0GB
[20:58:49,756][INFO][main][IgniteKernal] Remote Management [restart: off, REST: on, JMX (remote: off)]
[20:58:49,758][INFO][main][IgniteKernal] Logger: JavaLogger [quiet=false, config=null]
[20:58:49,759][INFO][main][IgniteKernal] IGNITE_HOME=null
[20:58:49,760][INFO][main][IgniteKernal] VM arguments: [-Dfile.encoding=UTF-8, -Djava.util.logging.config.file=C:\Users\abhinav\Desktop\personal\personal\personal\Ignite\igniteSQL\igniteSQL\bin\Debug\config\java.util.logging.properties, --add-exports=java.base/jdk.internal.misc=ALL-UNNAMED, --add-exports=java.base/sun.nio.ch=ALL-UNNAMED, --add-exports=java.management/com.sun.jmx.mbeanserver=ALL-UNNAMED, --add-exports=jdk.internal.jvmstat/sun.jvmstat.monitor=ALL-UNNAMED, --illegal-access=permit]
[20:58:49,766][INFO][main][IgniteKernal] System cache's DataRegion size is configured to 40 MB. Use DataStorageConfiguration.systemRegionInitialSize property to change the setting.
[20:58:49,767][INFO][main][IgniteKernal] Configured caches [in 'sysMemPlc' dataRegion: ['ignite-sys-cache']]
[20:58:49,767][WARNING][main][IgniteKernal] Please set system property '-Djava.net.preferIPv4Stack=true' to avoid possible problems in mixed environments.
[20:58:49,775][WARNING][pub-#19][GridDiagnostic] This operating system has been tested less rigorously: Windows 10 10.0 amd64. Our team will appreciate the feedback if you experience any problems running ignite in this environment.
[20:58:49,785][WARNING][pub-#22][GridDiagnostic] Initial heap size is 192MB (should be no less than 512MB, use -Xms512m -Xmx512m).
[20:58:50,052][INFO][main][IgnitePluginProcessor] Configured plugins:
[20:58:50,052][INFO][main][IgnitePluginProcessor]   ^-- None
[20:58:50,056][INFO][main][IgnitePluginProcessor] 
[20:58:50,069][INFO][main][FailureProcessor] Configured failure handler: [hnd=StopNodeOrHaltFailureHandler [tryStop=false, timeout=0, super=AbstractFailureHandler [ignoredFailureTypes=UnmodifiableSet [SYSTEM_WORKER_BLOCKED, SYSTEM_CRITICAL_OPERATION_TIMEOUT]]]]
[20:58:50,413][INFO][main][TcpCommunicationSpi] Successfully bound communication NIO server to TCP port [port=47100, locHost=0.0.0.0/0.0.0.0, selectorsCnt=4, selectorSpins=0, pairedConn=false]
[20:58:59,584][WARNING][main][TcpCommunicationSpi] Message queue limit is set to 0 which may lead to potential OOMEs when running cache operations in FULL_ASYNC or PRIMARY_SYNC modes due to message queues growth on sender and receiver sides.
[20:58:59,617][WARNING][main][NoopCheckpointSpi] Checkpoints are disabled (to enable configure any GridCheckpointSpi implementation)
[20:58:59,671][WARNING][main][GridCollisionManager] Collision resolution is disabled (all jobs will be activated upon arrival).
[20:58:59,682][INFO][main][IgniteKernal] Security status [authentication=off, tls/ssl=off]
[20:58:59,983][INFO][main][TcpDiscoverySpi] Successfully bound to TCP port [port=47500, localHost=0.0.0.0/0.0.0.0, locNodeId=53fa23da-5ebb-45e4-bec0-9561c2b7e2b6]
[20:59:00,058][WARNING][main][IgniteCacheDatabaseSharedManager] DataRegionConfiguration.maxWalArchiveSize instead DataRegionConfiguration.walHistorySize would be used for removing old archive wal files
[20:59:00,081][INFO][main][IgniteCacheDatabaseSharedManager] Configured data regions initialized successfully [total=3]
[20:59:00,112][INFO][main][PartitionsEvictManager] Evict partition permits=2
[20:59:00,229][WARNING][main][IgniteH2Indexing] Serialization of Java objects in H2 was enabled.
[20:59:00,584][INFO][main][ClientListenerProcessor] Client connector processor has started on TCP port 10800
[20:59:00,688][INFO][main][GridTcpRestProtocol] Command protocol successfully started [name=TCP binary, host=0.0.0.0/0.0.0.0, port=11211]
[20:59:00,736][WARNING][main][PlatformProcessorImpl] Marshaller is automatically set to o.a.i.i.binary.BinaryMarshaller (other nodes must have the same marshaller type).
[20:59:01,638][INFO][main][IgniteKernal] Non-loopback local IPs: 192.168.129.1, 192.168.195.1, 192.168.43.176, 2401:4900:315c:cbea:6cec:1b8f:129c:aa6, 2401:4900:315c:cbea:c8e:4405:30c1:94df, fe80:0:0:0:10d0:dabd:cc9e:f44a%eth4, fe80:0:0:0:4ce1:9c0c:22e5:de98%eth3, fe80:0:0:0:4d89:5228:3776:44bf%eth5, fe80:0:0:0:6c7c:2e06:db2:4d2%wlan2, fe80:0:0:0:c8e:4405:30c1:94df%wlan7, fe80:0:0:0:ddc8:ca9f:b09e:f87%wlan1, fe80:0:0:0:ed8a:10af:6f50:5f7c%eth7
[20:59:01,641][INFO][main][IgniteKernal] Enabled local MACs: 005056C00001, 005056C00008, 3010B38F6A28, 5C93A2C290E4, 5E93A2C290E4, 5E93A2C298E4, C45444F3F0A4
[20:59:01,695][INFO][main][TcpDiscoverySpi] Connection check threshold is calculated: 10000
[20:59:01,707][WARNING][main][TcpDiscoveryMulticastIpFinder] TcpDiscoveryMulticastIpFinder has no pre-configured addresses (it is recommended in production to specify at least one address in TcpDiscoveryMulticastIpFinder.getAddresses() configuration property)
[20:59:03,555][INFO][disco-notifier-worker-#41][GridClusterStateProcessor] Received activate request with BaselineTopology[id=0]
[20:59:03,564][INFO][disco-notifier-worker-#41][GridClusterStateProcessor] Started state transition: true
[20:59:03,567][INFO][disco-notifier-worker-#41][GridClusterStateProcessor] Received state change finish message: true
[20:59:03,571][INFO][disco-notifier-worker-#41][MvccProcessorImpl] Assigned mvcc coordinator [crd=MvccCoordinator [topVer=AffinityTopologyVersion [topVer=1, minorTopVer=0], nodeId=53fa23da-5ebb-45e4-bec0-9561c2b7e2b6, ver=1587050943537, local=true, initialized=false]]
[20:59:03,635][INFO][disco-notifier-worker-#41][DistributedBaselineConfiguration] Baseline parameter 'baselineAutoAdjustEnabled' was changed from 'null' to 'true'
[20:59:03,645][INFO][disco-notifier-worker-#41][DistributedBaselineConfiguration] Baseline parameter 'baselineAutoAdjustTimeout' was changed from 'null' to '0'
[20:59:03,701][INFO][exchange-worker-#43][time] Started exchange init [topVer=AffinityTopologyVersion [topVer=1, minorTopVer=0], crd=true, evt=NODE_JOINED, evtNode=53fa23da-5ebb-45e4-bec0-9561c2b7e2b6, customEvt=null, allowMerge=false, exchangeFreeSwitch=false]
[20:59:03,746][INFO][exchange-worker-#43][IgniteCacheDatabaseSharedManager] Configured data regions started successfully [total=3]
[20:59:03,747][INFO][exchange-worker-#43][msg] Components activation performed in 41 ms.
[20:59:03,959][INFO][exchange-worker-#43][GridCacheProcessor] Started cache [name=ignite-sys-cache, id=-2100569601, dataRegionName=sysMemPlc, mode=REPLICATED, atomicity=TRANSACTIONAL, backups=2147483647, mvcc=false]
[20:59:03,966][INFO][exchange-worker-#43][GridCacheProcessor] Starting caches on local join performed in 213 ms.
[20:59:04,000][INFO][exchange-worker-#43][GridDhtPartitionsExchangeFuture] Skipped waiting for partitions release future (local node is joining) [topVer=AffinityTopologyVersion [topVer=1, minorTopVer=0]]
[20:59:04,107][INFO][exchange-worker-#43][GridDhtPartitionsExchangeFuture] finishExchangeOnCoordinator [topVer=AffinityTopologyVersion [topVer=1, minorTopVer=0], resVer=AffinityTopologyVersion [topVer=1, minorTopVer=0]]
[20:59:04,142][INFO][exchange-worker-#43][GridDhtPartitionsExchangeFuture] Finish exchange future [startVer=AffinityTopologyVersion [topVer=1, minorTopVer=0], resVer=AffinityTopologyVersion [topVer=1, minorTopVer=0], err=null, rebalanced=true, wasRebalanced=false]
[20:59:04,169][INFO][exchange-worker-#43][GridCacheProcessor] Finish proxy initialization, cacheName=ignite-sys-cache, localNodeId=53fa23da-5ebb-45e4-bec0-9561c2b7e2b6
[20:59:04,173][INFO][exchange-worker-#43][GridDhtPartitionsExchangeFuture] Completed partition exchange [localNode=53fa23da-5ebb-45e4-bec0-9561c2b7e2b6, exchange=GridDhtPartitionsExchangeFuture [topVer=AffinityTopologyVersion [topVer=1, minorTopVer=0], evt=NODE_JOINED, evtNode=TcpDiscoveryNode [id=53fa23da-5ebb-45e4-bec0-9561c2b7e2b6, consistentId=0:0:0:0:0:0:0:1,127.0.0.1,192.168.129.1,192.168.195.1,192.168.43.176,2401:4900:315c:cbea:6cec:1b8f:129c:aa6,2401:4900:315c:cbea:c8e:4405:30c1:94df:47500, addrs=ArrayList [0:0:0:0:0:0:0:1, 127.0.0.1, 192.168.129.1, 192.168.195.1, 192.168.43.176, 2401:4900:315c:cbea:6cec:1b8f:129c:aa6, 2401:4900:315c:cbea:c8e:4405:30c1:94df], sockAddrs=HashSet [DESKTOP-E7LFMHO/192.168.129.1:47500, /192.168.195.1:47500, /192.168.43.176:47500, /[2401:4900:315c:cbea:c8e:4405:30c1:94df]:47500, /[0:0:0:0:0:0:0:1]:47500, /127.0.0.1:47500, /[2401:4900:315c:cbea:6cec:1b8f:129c:aa6]:47500], discPort=47500, order=1, intOrder=1, lastExchangeTime=1587050941698, loc=true, ver=2.8.0#20200226-sha1:341b01df, isClient=false], done=true, newCrdFut=null], topVer=AffinityTopologyVersion [topVer=1, minorTopVer=0]]
[20:59:04,220][INFO][exchange-worker-#43][GridDhtPartitionsExchangeFuture] Exchange timings [startVer=AffinityTopologyVersion [topVer=1, minorTopVer=0], resVer=AffinityTopologyVersion [topVer=1, minorTopVer=0], stage="Waiting in exchange queue" (103 ms), stage="Exchange parameters initialization" (7 ms), stage="Components activation" (44 ms), stage="Determine exchange type" (248 ms), stage="Preloading notification" (1 ms), stage="WAL history reservation" (0 ms), stage="After states restored callback" (107 ms), stage="Waiting for all single messages" (0 ms), stage="Affinity recalculation (crd)" (0 ms), stage="Collect update counters and create affinity messages" (1 ms), stage="Validate partitions states" (5 ms), stage="Assign partitions states" (2 ms), stage="Apply update counters" (0 ms), stage="Full message preparing" (23 ms), stage="Full message sending" (0 ms), stage="State finish message sending" (0 ms), stage="Exchange done" (77 ms), stage="Total time" (618 ms)]
[20:59:04,228][INFO][exchange-worker-#43][GridDhtPartitionsExchangeFuture] Exchange longest local stages [startVer=AffinityTopologyVersion [topVer=1, minorTopVer=0], resVer=AffinityTopologyVersion [topVer=1, minorTopVer=0], stage="Coordinator affinity cache init [grp=ignite-sys-cache]" (233 ms) (parent=Determine exchange type), stage="First node affinity initialization (node join) [grp=ignite-sys-cache]" (11 ms) (parent=Determine exchange type)]
[20:59:04,233][INFO][exchange-worker-#43][time] Finished exchange init [topVer=AffinityTopologyVersion [topVer=1, minorTopVer=0], crd=true]
[20:59:04,243][INFO][exchange-worker-#43][GridCachePartitionExchangeManager] Skipping rebalancing (nothing scheduled) [top=AffinityTopologyVersion [topVer=1, minorTopVer=0], force=false, evt=NODE_JOINED, node=53fa23da-5ebb-45e4-bec0-9561c2b7e2b6]
[20:59:04,377][INFO][main][IgniteKernal] Performance suggestions for grid  (fix if possible)
[20:59:04,384][INFO][main][IgniteKernal] To disable, set -DIGNITE_PERFORMANCE_SUGGESTIONS_DISABLED=true
[20:59:04,391][INFO][main][IgniteKernal]   ^-- Switch to the most recent 1.8 JVM version
[20:59:04,397][INFO][main][IgniteKernal]   ^-- Specify JVM heap max size (add '-Xmx<size>[g|G|m|M|k|K]' to JVM options)
[20:59:04,402][INFO][main][IgniteKernal]   ^-- Set max direct memory size if getting 'OOME: Direct buffer memory' (add '-XX:MaxDirectMemorySize=<size>[g|G|m|M|k|K]' to JVM options)
[20:59:04,404][INFO][main][IgniteKernal]   ^-- Disable processing of calls to System.gc() (add '-XX:+DisableExplicitGC' to JVM options)
[20:59:04,407][INFO][main][IgniteKernal] Refer to this page for more performance suggestions: https://apacheignite.readme.io/docs/jvm-and-system-tuning
[20:59:04,412][INFO][main][IgniteKernal] 
[20:59:04,421][INFO][main][IgniteKernal] To start Console Management & Monitoring run ignitevisorcmd.{sh|bat}
[20:59:04,424][INFO][main][IgniteKernal] Data Regions Configured:
[20:59:04,427][INFO][main][IgniteKernal]   ^-- default [initSize=256.0 MiB, maxSize=2.4 GiB, persistence=false, lazyMemoryAllocation=true]
[20:59:04,429][INFO][main][IgniteKernal] 

>>> +----------------------------------------------------------------------+
>>> Ignite ver. 2.8.0#20200226-sha1:341b01dfd8abf2d9b01d468ad1bb26dfe84ac4f6
>>> +----------------------------------------------------------------------+
>>> OS name: Windows 10 10.0 amd64
>>> CPU(s): 4
>>> Heap: 3.0GB
>>> VM name: 5988@DESKTOP-E7LFMHO
>>> Local node [ID=53FA23DA-5EBB-45E4-BEC0-9561C2B7E2B6, order=1, clientMode=false]
>>> Local node addresses: [DESKTOP-E7LFMHO/0:0:0:0:0:0:0:1, DESKTOP-E7LFMHO/127.0.0.1, DESKTOP-E7LFMHO/192.168.129.1, DESKTOP-E7LFMHO/192.168.195.1, DESKTOP-E7LFMHO/192.168.43.176, /2401:4900:315c:cbea:6cec:1b8f:129c:aa6, /2401:4900:315c:cbea:c8e:4405:30c1:94df]
>>> Local ports: TCP:10800 TCP:11211 TCP:47100 UDP:47400 TCP:47500 

[20:59:04,449][INFO][main][GridDiscoveryManager] Topology snapshot [ver=1, locNode=53fa23da, servers=1, clients=0, state=ACTIVE, CPUs=4, offheap=2.4GB, heap=3.0GB]
[20:59:04,454][INFO][main][GridDiscoveryManager]   ^-- Baseline [id=0, size=1, online=1, offline=0]
[20:59:04,456][INFO][main][G] Node started : [stage="Configure system pool" (166 ms),stage="Start managers" (10121 ms),stage="Configure binary metadata" (26 ms),stage="Start processors" (1073 ms),stage="Init metastore" (827 ms),stage="Finish recovery" (0 ms),stage="Join topology" (1903 ms),stage="Await transition" (35 ms),stage="Await exchange" (851 ms),stage="Total time" (15002 ms)]
[20:59:04,503][WARNING][main][] GC server mode is not enabled, this could lead to less than optimal performance on multi-core machines (to enable see http://msdn.microsoft.com/en-us/library/ms229357(v=vs.110).aspx).
[20:59:04,507][INFO][main][PluginProcessor] Configured .NET plugins:
[20:59:04,509][INFO][main][PluginProcessor]   ^-- None
[20:59:04,696][INFO][exchange-worker-#43][time] Started exchange init [topVer=AffinityTopologyVersion [topVer=1, minorTopVer=1], crd=true, evt=DISCOVERY_CUSTOM_EVT, evtNode=53fa23da-5ebb-45e4-bec0-9561c2b7e2b6, customEvt=DynamicCacheChangeBatch [id=4875b938171-294321b7-0f06-4e5a-a500-fe318c8406cb, reqs=ArrayList [DynamicCacheChangeRequest [cacheName=persons, hasCfg=true, nodeId=53fa23da-5ebb-45e4-bec0-9561c2b7e2b6, clientStartOnly=false, stop=false, destroy=false, disabledAfterStartfalse]], exchangeActions=ExchangeActions [startCaches=[persons], stopCaches=null, startGrps=[persons], stopGrps=[], resetParts=null, stateChangeRequest=null], startCaches=false], allowMerge=false, exchangeFreeSwitch=false]
[20:59:04,875][INFO][exchange-worker-#43][GridCacheProcessor] Started cache [name=persons, id=-678441026, dataRegionName=default, mode=PARTITIONED, atomicity=ATOMIC, backups=0, mvcc=false]
[20:59:04,924][INFO][exchange-worker-#43][GridDhtPartitionsExchangeFuture] Finished waiting for partition release future [topVer=AffinityTopologyVersion [topVer=1, minorTopVer=1], waitTime=0ms, futInfo=NA, mode=DISTRIBUTED]
[20:59:04,933][INFO][exchange-worker-#43][GridDhtPartitionsExchangeFuture] Finished waiting for partitions release latch: ServerLatch [permits=0, pendingAcks=HashSet [], super=CompletableLatch [id=CompletableLatchUid [id=exchange, topVer=AffinityTopologyVersion [topVer=1, minorTopVer=1]]]]
[20:59:04,937][INFO][exchange-worker-#43][GridDhtPartitionsExchangeFuture] Finished waiting for partition release future [topVer=AffinityTopologyVersion [topVer=1, minorTopVer=1], waitTime=0ms, futInfo=NA, mode=LOCAL]
[20:59:05,210][INFO][exchange-worker-#43][GridDhtPartitionsExchangeFuture] finishExchangeOnCoordinator [topVer=AffinityTopologyVersion [topVer=1, minorTopVer=1], resVer=AffinityTopologyVersion [topVer=1, minorTopVer=1]]
[20:59:05,258][INFO][exchange-worker-#43][GridDhtPartitionsExchangeFuture] Finish exchange future [startVer=AffinityTopologyVersion [topVer=1, minorTopVer=1], resVer=AffinityTopologyVersion [topVer=1, minorTopVer=1], err=null, rebalanced=true, wasRebalanced=true]
[20:59:05,278][INFO][exchange-worker-#43][GridCacheProcessor] Finish proxy initialization, cacheName=persons, localNodeId=53fa23da-5ebb-45e4-bec0-9561c2b7e2b6
[20:59:05,280][INFO][exchange-worker-#43][GridDhtPartitionsExchangeFuture] Completed partition exchange [localNode=53fa23da-5ebb-45e4-bec0-9561c2b7e2b6, exchange=GridDhtPartitionsExchangeFuture [topVer=AffinityTopologyVersion [topVer=1, minorTopVer=1], evt=DISCOVERY_CUSTOM_EVT, evtNode=TcpDiscoveryNode [id=53fa23da-5ebb-45e4-bec0-9561c2b7e2b6, consistentId=0:0:0:0:0:0:0:1,127.0.0.1,192.168.129.1,192.168.195.1,192.168.43.176,2401:4900:315c:cbea:6cec:1b8f:129c:aa6,2401:4900:315c:cbea:c8e:4405:30c1:94df:47500, addrs=ArrayList [0:0:0:0:0:0:0:1, 127.0.0.1, 192.168.129.1, 192.168.195.1, 192.168.43.176, 2401:4900:315c:cbea:6cec:1b8f:129c:aa6, 2401:4900:315c:cbea:c8e:4405:30c1:94df], sockAddrs=HashSet [DESKTOP-E7LFMHO/192.168.129.1:47500, /192.168.195.1:47500, /192.168.43.176:47500, /[2401:4900:315c:cbea:c8e:4405:30c1:94df]:47500, /[0:0:0:0:0:0:0:1]:47500, /127.0.0.1:47500, /[2401:4900:315c:cbea:6cec:1b8f:129c:aa6]:47500], discPort=47500, order=1, intOrder=1, lastExchangeTime=1587050941698, loc=true, ver=2.8.0#20200226-sha1:341b01df, isClient=false], done=true, newCrdFut=null], topVer=AffinityTopologyVersion [topVer=1, minorTopVer=1]]
[20:59:05,287][INFO][exchange-worker-#43][GridDhtPartitionsExchangeFuture] Exchange timings [startVer=AffinityTopologyVersion [topVer=1, minorTopVer=1], resVer=AffinityTopologyVersion [topVer=1, minorTopVer=1], stage="Waiting in exchange queue" (0 ms), stage="Exchange parameters initialization" (30 ms), stage="Update caches registry" (6 ms), stage="Start caches" (156 ms), stage="Affinity initialization on cache group start" (26 ms), stage="Determine exchange type" (0 ms), stage="Preloading notification" (0 ms), stage="WAL history reservation" (0 ms), stage="Wait partitions release" (15 ms), stage="Wait partitions release latch" (7 ms), stage="Wait partitions release" (3 ms), stage="After states restored callback" (269 ms), stage="Waiting for all single messages" (0 ms), stage="Affinity recalculation (crd)" (1 ms), stage="Collect update counters and create affinity messages" (0 ms), stage="Validate partitions states" (9 ms), stage="Assign partitions states" (1 ms), stage="Apply update counters" (5 ms), stage="Full message preparing" (29 ms), stage="Full message sending" (0 ms), stage="Exchange done" (28 ms), stage="Total time" (585 ms)]
[20:59:05,297][INFO][exchange-worker-#43][GridDhtPartitionsExchangeFuture] Exchange longest local stages [startVer=AffinityTopologyVersion [topVer=1, minorTopVer=1], resVer=AffinityTopologyVersion [topVer=1, minorTopVer=1], stage="Affinity initialization on cache group start [grp=persons]" (25 ms) (parent=Affinity initialization on cache group start)]
[20:59:05,300][INFO][exchange-worker-#43][time] Finished exchange init [topVer=AffinityTopologyVersion [topVer=1, minorTopVer=1], crd=true]
[20:59:05,329][INFO][exchange-worker-#43][GridCachePartitionExchangeManager] Skipping rebalancing (nothing scheduled) [top=AffinityTopologyVersion [topVer=1, minorTopVer=1], force=false, evt=DISCOVERY_CUSTOM_EVT, node=53fa23da-5ebb-45e4-bec0-9561c2b7e2b6]
[20:59:05,401][INFO][exchange-worker-#43][time] Started exchange init [topVer=AffinityTopologyVersion [topVer=1, minorTopVer=2], crd=true, evt=DISCOVERY_CUSTOM_EVT, evtNode=53fa23da-5ebb-45e4-bec0-9561c2b7e2b6, customEvt=DynamicCacheChangeBatch [id=a875b938171-294321b7-0f06-4e5a-a500-fe318c8406cb, reqs=ArrayList [DynamicCacheChangeRequest [cacheName=orgs, hasCfg=true, nodeId=53fa23da-5ebb-45e4-bec0-9561c2b7e2b6, clientStartOnly=false, stop=false, destroy=false, disabledAfterStartfalse]], exchangeActions=ExchangeActions [startCaches=[orgs], stopCaches=null, startGrps=[orgs], stopGrps=[], resetParts=null, stateChangeRequest=null], startCaches=false], allowMerge=false, exchangeFreeSwitch=false]
[20:59:05,422][INFO][exchange-worker-#43][GridCacheProcessor] Started cache [name=orgs, id=3419663, dataRegionName=default, mode=PARTITIONED, atomicity=ATOMIC, backups=0, mvcc=false]
[20:59:05,435][INFO][exchange-worker-#43][GridDhtPartitionsExchangeFuture] Finished waiting for partition release future [topVer=AffinityTopologyVersion [topVer=1, minorTopVer=2], waitTime=0ms, futInfo=NA, mode=DISTRIBUTED]
[20:59:05,437][INFO][exchange-worker-#43][GridDhtPartitionsExchangeFuture] Finished waiting for partitions release latch: ServerLatch [permits=0, pendingAcks=HashSet [], super=CompletableLatch [id=CompletableLatchUid [id=exchange, topVer=AffinityTopologyVersion [topVer=1, minorTopVer=2]]]]
[20:59:05,439][INFO][exchange-worker-#43][GridDhtPartitionsExchangeFuture] Finished waiting for partition release future [topVer=AffinityTopologyVersion [topVer=1, minorTopVer=2], waitTime=0ms, futInfo=NA, mode=LOCAL]
[20:59:05,536][INFO][exchange-worker-#43][GridDhtPartitionsExchangeFuture] finishExchangeOnCoordinator [topVer=AffinityTopologyVersion [topVer=1, minorTopVer=2], resVer=AffinityTopologyVersion [topVer=1, minorTopVer=2]]
[20:59:05,581][INFO][exchange-worker-#43][GridDhtPartitionsExchangeFuture] Finish exchange future [startVer=AffinityTopologyVersion [topVer=1, minorTopVer=2], resVer=AffinityTopologyVersion [topVer=1, minorTopVer=2], err=null, rebalanced=true, wasRebalanced=true]
[20:59:05,600][INFO][exchange-worker-#43][GridCacheProcessor] Finish proxy initialization, cacheName=orgs, localNodeId=53fa23da-5ebb-45e4-bec0-9561c2b7e2b6
[20:59:05,620][INFO][exchange-worker-#43][GridDhtPartitionsExchangeFuture] Completed partition exchange [localNode=53fa23da-5ebb-45e4-bec0-9561c2b7e2b6, exchange=GridDhtPartitionsExchangeFuture [topVer=AffinityTopologyVersion [topVer=1, minorTopVer=2], evt=DISCOVERY_CUSTOM_EVT, evtNode=TcpDiscoveryNode [id=53fa23da-5ebb-45e4-bec0-9561c2b7e2b6, consistentId=0:0:0:0:0:0:0:1,127.0.0.1,192.168.129.1,192.168.195.1,192.168.43.176,2401:4900:315c:cbea:6cec:1b8f:129c:aa6,2401:4900:315c:cbea:c8e:4405:30c1:94df:47500, addrs=ArrayList [0:0:0:0:0:0:0:1, 127.0.0.1, 192.168.129.1, 192.168.195.1, 192.168.43.176, 2401:4900:315c:cbea:6cec:1b8f:129c:aa6, 2401:4900:315c:cbea:c8e:4405:30c1:94df], sockAddrs=HashSet [DESKTOP-E7LFMHO/192.168.129.1:47500, /192.168.195.1:47500, /192.168.43.176:47500, /[2401:4900:315c:cbea:c8e:4405:30c1:94df]:47500, /[0:0:0:0:0:0:0:1]:47500, /127.0.0.1:47500, /[2401:4900:315c:cbea:6cec:1b8f:129c:aa6]:47500], discPort=47500, order=1, intOrder=1, lastExchangeTime=1587050941698, loc=true, ver=2.8.0#20200226-sha1:341b01df, isClient=false], done=true, newCrdFut=null], topVer=AffinityTopologyVersion [topVer=1, minorTopVer=2]]
[20:59:05,627][INFO][exchange-worker-#43][GridDhtPartitionsExchangeFuture] Exchange timings [startVer=AffinityTopologyVersion [topVer=1, minorTopVer=2], resVer=AffinityTopologyVersion [topVer=1, minorTopVer=2], stage="Waiting in exchange queue" (0 ms), stage="Exchange parameters initialization" (7 ms), stage="Update caches registry" (1 ms), stage="Start caches" (14 ms), stage="Affinity initialization on cache group start" (9 ms), stage="Determine exchange type" (0 ms), stage="Preloading notification" (0 ms), stage="WAL history reservation" (0 ms), stage="Wait partitions release" (2 ms), stage="Wait partitions release latch" (2 ms), stage="Wait partitions release" (1 ms), stage="After states restored callback" (94 ms), stage="Waiting for all single messages" (0 ms), stage="Affinity recalculation (crd)" (3 ms), stage="Collect update counters and create affinity messages" (0 ms), stage="Validate partitions states" (12 ms), stage="Assign partitions states" (6 ms), stage="Apply update counters" (3 ms), stage="Full message preparing" (20 ms), stage="Full message sending" (0 ms), stage="Exchange done" (45 ms), stage="Total time" (219 ms)]
[20:59:05,638][INFO][exchange-worker-#43][GridDhtPartitionsExchangeFuture] Exchange longest local stages [startVer=AffinityTopologyVersion [topVer=1, minorTopVer=2], resVer=AffinityTopologyVersion [topVer=1, minorTopVer=2], stage="Affinity initialization on cache group start [grp=orgs]" (9 ms) (parent=Affinity initialization on cache group start)]
[20:59:05,640][INFO][exchange-worker-#43][time] Finished exchange init [topVer=AffinityTopologyVersion [topVer=1, minorTopVer=2], crd=true]
[20:59:05,655][INFO][exchange-worker-#43][GridCachePartitionExchangeManager] Skipping rebalancing (nothing scheduled) [top=AffinityTopologyVersion [topVer=1, minorTopVer=2], force=false, evt=DISCOVERY_CUSTOM_EVT, node=53fa23da-5ebb-45e4-bec0-9561c2b7e2b6]
[20:59:13,619][INFO][ignite-update-notifier-timer][GridUpdateNotifier] Your version is up to date.
[21:00:04,392][INFO][grid-timeout-worker-#23][IgniteKernal] 
Metrics for local node (to disable set 'metricsLogFrequency' to 0)
    ^-- Node [id=53fa23da, uptime=00:01:00.018]
    ^-- H/N/C [hosts=1, nodes=1, CPUs=4]
    ^-- CPU [cur=-100%, avg=-95.65%, GC=0%]
    ^-- PageMemory [pages=4311]
    ^-- Heap [used=28MB, free=99.07%, comm=52MB]
    ^-- Off-heap [used=16MB, free=99.36%, comm=336MB]
    ^--   sysMemPlc region [used=0MB, free=99.21%, comm=40MB]
    ^--   default region [used=16MB, free=99.34%, comm=256MB]
    ^--   TxLog region [used=0MB, free=100%, comm=40MB]
    ^-- Outbound messages queue [size=0]
    ^-- Public thread pool [active=0, idle=0, qSize=0]
    ^-- System thread pool [active=0, idle=8, qSize=0]
[21:00:04,476][INFO][grid-timeout-worker-#23][IgniteKernal] FreeList [name=default##FreeList, buckets=256, dataPages=1, reusePages=0]
[21:01:04,500][INFO][grid-timeout-worker-#23][IgniteKernal] 
Metrics for local node (to disable set 'metricsLogFrequency' to 0)
    ^-- Node [id=53fa23da, uptime=00:02:00.129]
    ^-- H/N/C [hosts=1, nodes=1, CPUs=4]
    ^-- CPU [cur=-100%, avg=-97.78%, GC=0%]
    ^-- PageMemory [pages=4311]
    ^-- Heap [used=31MB, free=98.97%, comm=52MB]
    ^-- Off-heap [used=16MB, free=99.36%, comm=336MB]
    ^--   sysMemPlc region [used=0MB, free=99.21%, comm=40MB]
    ^--   default region [used=16MB, free=99.34%, comm=256MB]
    ^--   TxLog region [used=0MB, free=100%, comm=40MB]
    ^-- Outbound messages queue [size=0]
    ^-- Public thread pool [active=0, idle=0, qSize=0]
    ^-- System thread pool [active=0, idle=6, qSize=0]
[21:01:04,506][INFO][grid-timeout-worker-#23][IgniteKernal] FreeList [name=default##FreeList, buckets=256, dataPages=1, reusePages=0]
[21:02:04,508][INFO][grid-timeout-worker-#23][IgniteKernal] 
Metrics for local node (to disable set 'metricsLogFrequency' to 0)
    ^-- Node [id=53fa23da, uptime=00:03:00.135]
    ^-- H/N/C [hosts=1, nodes=1, CPUs=4]
    ^-- CPU [cur=-100%, avg=-98.59%, GC=0%]
    ^-- PageMemory [pages=4311]
    ^-- Heap [used=35MB, free=98.84%, comm=52MB]
    ^-- Off-heap [used=16MB, free=99.36%, comm=336MB]
    ^--   sysMemPlc region [used=0MB, free=99.21%, comm=40MB]
    ^--   default region [used=16MB, free=99.34%, comm=256MB]
    ^--   TxLog region [used=0MB, free=100%, comm=40MB]
    ^-- Outbound messages queue [size=0]
    ^-- Public thread pool [active=0, idle=0, qSize=0]
    ^-- System thread pool [active=0, idle=6, qSize=0]
[21:02:04,514][INFO][grid-timeout-worker-#23][IgniteKernal] FreeList [name=default##FreeList, buckets=256, dataPages=1, reusePages=0]
[21:03:04,521][INFO][grid-timeout-worker-#23][IgniteKernal] 
Metrics for local node (to disable set 'metricsLogFrequency' to 0)
    ^-- Node [id=53fa23da, uptime=00:04:00.148]
    ^-- H/N/C [hosts=1, nodes=1, CPUs=4]
    ^-- CPU [cur=-100%, avg=-98.97%, GC=0%]
    ^-- PageMemory [pages=4311]
    ^-- Heap [used=25MB, free=99.16%, comm=52MB]
    ^-- Off-heap [used=16MB, free=99.36%, comm=336MB]
    ^--   sysMemPlc region [used=0MB, free=99.21%, comm=40MB]
    ^--   default region [used=16MB, free=99.34%, comm=256MB]
    ^--   TxLog region [used=0MB, free=100%, comm=40MB]
    ^-- Outbound messages queue [size=0]
    ^-- Public thread pool [active=0, idle=0, qSize=0]
    ^-- System thread pool [active=0, idle=6, qSize=0]
[21:03:04,531][INFO][grid-timeout-worker-#23][IgniteKernal] FreeList [name=default##FreeList, buckets=256, dataPages=1, reusePages=0]
[21:04:04,532][INFO][grid-timeout-worker-#23][IgniteKernal] 
Metrics for local node (to disable set 'metricsLogFrequency' to 0)
    ^-- Node [id=53fa23da, uptime=00:05:00.162]
    ^-- H/N/C [hosts=1, nodes=1, CPUs=4]
    ^-- CPU [cur=-100%, avg=-99.17%, GC=0%]
    ^-- PageMemory [pages=4311]
    ^-- Heap [used=28MB, free=99.06%, comm=52MB]
    ^-- Off-heap [used=16MB, free=99.36%, comm=336MB]
    ^--   sysMemPlc region [used=0MB, free=99.21%, comm=40MB]
    ^--   default region [used=16MB, free=99.34%, comm=256MB]
    ^--   TxLog region [used=0MB, free=100%, comm=40MB]
    ^-- Outbound messages queue [size=0]
    ^-- Public thread pool [active=0, idle=0, qSize=0]
    ^-- System thread pool [active=0, idle=6, qSize=0]
[21:04:04,535][INFO][grid-timeout-worker-#23][IgniteKernal] FreeList [name=default##FreeList, buckets=256, dataPages=1, reusePages=0]
[21:05:04,539][INFO][grid-timeout-worker-#23][IgniteKernal] 
Metrics for local node (to disable set 'metricsLogFrequency' to 0)
    ^-- Node [id=53fa23da, uptime=00:06:00.168]
    ^-- H/N/C [hosts=1, nodes=1, CPUs=4]
    ^-- CPU [cur=-100%, avg=-99.32%, GC=0%]
    ^-- PageMemory [pages=4311]
    ^-- Heap [used=33MB, free=98.9%, comm=52MB]
    ^-- Off-heap [used=16MB, free=99.36%, comm=336MB]
    ^--   sysMemPlc region [used=0MB, free=99.21%, comm=40MB]
    ^--   default region [used=16MB, free=99.34%, comm=256MB]
    ^--   TxLog region [used=0MB, free=100%, comm=40MB]
    ^-- Outbound messages queue [size=0]
    ^-- Public thread pool [active=0, idle=0, qSize=0]
    ^-- System thread pool [active=0, idle=6, qSize=0]
[21:05:04,543][INFO][grid-timeout-worker-#23][IgniteKernal] FreeList [name=default##FreeList, buckets=256, dataPages=1, reusePages=0]
[21:06:04,545][INFO][grid-timeout-worker-#23][IgniteKernal] 
Metrics for local node (to disable set 'metricsLogFrequency' to 0)
    ^-- Node [id=53fa23da, uptime=00:07:00.175]
    ^-- H/N/C [hosts=1, nodes=1, CPUs=4]
    ^-- CPU [cur=-100%, avg=-99.41%, GC=0%]
    ^-- PageMemory [pages=4311]
    ^-- Heap [used=23MB, free=99.24%, comm=52MB]
    ^-- Off-heap [used=16MB, free=99.36%, comm=336MB]
    ^--   sysMemPlc region [used=0MB, free=99.21%, comm=40MB]
    ^--   default region [used=16MB, free=99.34%, comm=256MB]
    ^--   TxLog region [used=0MB, free=100%, comm=40MB]
    ^-- Outbound messages queue [size=0]
    ^-- Public thread pool [active=0, idle=0, qSize=0]
    ^-- System thread pool [active=0, idle=6, qSize=0]
[21:06:04,550][INFO][grid-timeout-worker-#23][IgniteKernal] FreeList [name=default##FreeList, buckets=256, dataPages=1, reusePages=0]
[21:07:04,553][INFO][grid-timeout-worker-#23][IgniteKernal] 
Metrics for local node (to disable set 'metricsLogFrequency' to 0)
    ^-- Node [id=53fa23da, uptime=00:08:00.178]
    ^-- H/N/C [hosts=1, nodes=1, CPUs=4]
    ^-- CPU [cur=-100%, avg=-99.48%, GC=0%]
    ^-- PageMemory [pages=4311]
    ^-- Heap [used=26MB, free=99.14%, comm=52MB]
    ^-- Off-heap [used=16MB, free=99.36%, comm=336MB]
    ^--   sysMemPlc region [used=0MB, free=99.21%, comm=40MB]
    ^--   default region [used=16MB, free=99.34%, comm=256MB]
    ^--   TxLog region [used=0MB, free=100%, comm=40MB]
    ^-- Outbound messages queue [size=0]
    ^-- Public thread pool [active=0, idle=0, qSize=0]
    ^-- System thread pool [active=0, idle=6, qSize=0]
[21:07:04,558][INFO][grid-timeout-worker-#23][IgniteKernal] FreeList [name=default##FreeList, buckets=256, dataPages=1, reusePages=0]
[21:08:04,569][INFO][grid-timeout-worker-#23][IgniteKernal] 
Metrics for local node (to disable set 'metricsLogFrequency' to 0)
    ^-- Node [id=53fa23da, uptime=00:09:00.198]
    ^-- H/N/C [hosts=1, nodes=1, CPUs=4]
    ^-- CPU [cur=-100%, avg=-99.54%, GC=0%]
    ^-- PageMemory [pages=4311]
    ^-- Heap [used=30MB, free=99.01%, comm=52MB]
    ^-- Off-heap [used=16MB, free=99.36%, comm=336MB]
    ^--   sysMemPlc region [used=0MB, free=99.21%, comm=40MB]
    ^--   default region [used=16MB, free=99.34%, comm=256MB]
    ^--   TxLog region [used=0MB, free=100%, comm=40MB]
    ^-- Outbound messages queue [size=0]
    ^-- Public thread pool [active=0, idle=0, qSize=0]
    ^-- System thread pool [active=0, idle=6, qSize=0]
[21:08:04,575][INFO][grid-timeout-worker-#23][IgniteKernal] FreeList [name=default##FreeList, buckets=256, dataPages=1, reusePages=0]
[21:09:04,578][INFO][grid-timeout-worker-#23][IgniteKernal] 
Metrics for local node (to disable set 'metricsLogFrequency' to 0)
    ^-- Node [id=53fa23da, uptime=00:10:00.202]
    ^-- H/N/C [hosts=1, nodes=1, CPUs=4]
    ^-- CPU [cur=-100%, avg=-99.59%, GC=0%]
    ^-- PageMemory [pages=4311]
    ^-- Heap [used=34MB, free=98.88%, comm=52MB]
    ^-- Off-heap [used=16MB, free=99.36%, comm=336MB]
    ^--   sysMemPlc region [used=0MB, free=99.21%, comm=40MB]
    ^--   default region [used=16MB, free=99.34%, comm=256MB]
    ^--   TxLog region [used=0MB, free=100%, comm=40MB]
    ^-- Outbound messages queue [size=0]
    ^-- Public thread pool [active=0, idle=0, qSize=0]
    ^-- System thread pool [active=0, idle=6, qSize=0]
[21:09:04,582][INFO][grid-timeout-worker-#23][IgniteKernal] FreeList [name=default##FreeList, buckets=256, dataPages=1, reusePages=0]
[21:10:04,593][INFO][grid-timeout-worker-#23][IgniteKernal] 
Metrics for local node (to disable set 'metricsLogFrequency' to 0)
    ^-- Node [id=53fa23da, uptime=00:11:00.216]
    ^-- H/N/C [hosts=1, nodes=1, CPUs=4]
    ^-- CPU [cur=-100%, avg=-99.62%, GC=0%]
    ^-- PageMemory [pages=4311]
    ^-- Heap [used=22MB, free=99.28%, comm=52MB]
    ^-- Off-heap [used=16MB, free=99.36%, comm=336MB]
    ^--   sysMemPlc region [used=0MB, free=99.21%, comm=40MB]
    ^--   default region [used=16MB, free=99.34%, comm=256MB]
    ^--   TxLog region [used=0MB, free=100%, comm=40MB]
    ^-- Outbound messages queue [size=0]
    ^-- Public thread pool [active=0, idle=0, qSize=0]
    ^-- System thread pool [active=0, idle=6, qSize=0]
[21:10:04,596][INFO][grid-timeout-worker-#23][IgniteKernal] FreeList [name=default##FreeList, buckets=256, dataPages=1, reusePages=0]
[21:11:04,604][INFO][grid-timeout-worker-#23][IgniteKernal] 
Metrics for local node (to disable set 'metricsLogFrequency' to 0)
    ^-- Node [id=53fa23da, uptime=00:12:00.226]
    ^-- H/N/C [hosts=1, nodes=1, CPUs=4]
    ^-- CPU [cur=-100%, avg=-99.65%, GC=0%]
    ^-- PageMemory [pages=4311]
    ^-- Heap [used=26MB, free=99.14%, comm=52MB]
    ^-- Off-heap [used=16MB, free=99.36%, comm=336MB]
    ^--   sysMemPlc region [used=0MB, free=99.21%, comm=40MB]
    ^--   default region [used=16MB, free=99.34%, comm=256MB]
    ^--   TxLog region [used=0MB, free=100%, comm=40MB]
    ^-- Outbound messages queue [size=0]
    ^-- Public thread pool [active=0, idle=0, qSize=0]
    ^-- System thread pool [active=0, idle=6, qSize=0]
[21:11:04,608][INFO][grid-timeout-worker-#23][IgniteKernal] FreeList [name=default##FreeList, buckets=256, dataPages=1, reusePages=0]
[21:12:04,617][INFO][grid-timeout-worker-#23][IgniteKernal] 
Metrics for local node (to disable set 'metricsLogFrequency' to 0)
    ^-- Node [id=53fa23da, uptime=00:13:00.246]
    ^-- H/N/C [hosts=1, nodes=1, CPUs=4]
    ^-- CPU [cur=-100%, avg=-99.68%, GC=0%]
    ^-- PageMemory [pages=4311]
    ^-- Heap [used=30MB, free=99.01%, comm=52MB]
    ^-- Off-heap [used=16MB, free=99.36%, comm=336MB]
    ^--   sysMemPlc region [used=0MB, free=99.21%, comm=40MB]
    ^--   default region [used=16MB, free=99.34%, comm=256MB]
    ^--   TxLog region [used=0MB, free=100%, comm=40MB]
    ^-- Outbound messages queue [size=0]
    ^-- Public thread pool [active=0, idle=0, qSize=0]
    ^-- System thread pool [active=0, idle=5, qSize=0]
[21:12:04,623][INFO][grid-timeout-worker-#23][IgniteKernal] FreeList [name=default##FreeList, buckets=256, dataPages=1, reusePages=0]
[21:13:04,624][INFO][grid-timeout-worker-#23][IgniteKernal] 
Metrics for local node (to disable set 'metricsLogFrequency' to 0)
    ^-- Node [id=53fa23da, uptime=00:14:00.248]
    ^-- H/N/C [hosts=1, nodes=1, CPUs=4]
    ^-- CPU [cur=-100%, avg=-99.7%, GC=0%]
    ^-- PageMemory [pages=4311]
    ^-- Heap [used=34MB, free=98.88%, comm=52MB]
    ^-- Off-heap [used=16MB, free=99.36%, comm=336MB]
    ^--   sysMemPlc region [used=0MB, free=99.21%, comm=40MB]
    ^--   default region [used=16MB, free=99.34%, comm=256MB]
    ^--   TxLog region [used=0MB, free=100%, comm=40MB]
    ^-- Outbound messages queue [size=0]
    ^-- Public thread pool [active=0, idle=0, qSize=0]
    ^-- System thread pool [active=0, idle=6, qSize=0]
[21:13:04,628][INFO][grid-timeout-worker-#23][IgniteKernal] FreeList [name=default##FreeList, buckets=256, dataPages=1, reusePages=0]
[21:14:04,634][INFO][grid-timeout-worker-#23][IgniteKernal] 
Metrics for local node (to disable set 'metricsLogFrequency' to 0)
    ^-- Node [id=53fa23da, uptime=00:15:00.264]
    ^-- H/N/C [hosts=1, nodes=1, CPUs=4]
    ^-- CPU [cur=-100%, avg=-99.72%, GC=0%]
    ^-- PageMemory [pages=4311]
    ^-- Heap [used=38MB, free=98.75%, comm=52MB]
    ^-- Off-heap [used=16MB, free=99.36%, comm=336MB]
    ^--   sysMemPlc region [used=0MB, free=99.21%, comm=40MB]
    ^--   default region [used=16MB, free=99.34%, comm=256MB]
    ^--   TxLog region [used=0MB, free=100%, comm=40MB]
    ^-- Outbound messages queue [size=0]
    ^-- Public thread pool [active=0, idle=0, qSize=0]
    ^-- System thread pool [active=0, idle=6, qSize=0]
[21:14:04,639][INFO][grid-timeout-worker-#23][IgniteKernal] FreeList [name=default##FreeList, buckets=256, dataPages=1, reusePages=0]
[21:15:04,646][INFO][grid-timeout-worker-#23][IgniteKernal] 
Metrics for local node (to disable set 'metricsLogFrequency' to 0)
    ^-- Node [id=53fa23da, uptime=00:16:00.272]
    ^-- H/N/C [hosts=1, nodes=1, CPUs=4]
    ^-- CPU [cur=-100%, avg=-99.74%, GC=0%]
    ^-- PageMemory [pages=4311]
    ^-- Heap [used=24MB, free=99.21%, comm=52MB]
    ^-- Off-heap [used=16MB, free=99.36%, comm=336MB]
    ^--   sysMemPlc region [used=0MB, free=99.21%, comm=40MB]
    ^--   default region [used=16MB, free=99.34%, comm=256MB]
    ^--   TxLog region [used=0MB, free=100%, comm=40MB]
    ^-- Outbound messages queue [size=0]
    ^-- Public thread pool [active=0, idle=0, qSize=0]
    ^-- System thread pool [active=0, idle=6, qSize=0]
[21:15:04,650][INFO][grid-timeout-worker-#23][IgniteKernal] FreeList [name=default##FreeList, buckets=256, dataPages=1, reusePages=0]
[21:16:04,652][INFO][grid-timeout-worker-#23][IgniteKernal] 
Metrics for local node (to disable set 'metricsLogFrequency' to 0)
    ^-- Node [id=53fa23da, uptime=00:17:00.276]
    ^-- H/N/C [hosts=1, nodes=1, CPUs=4]
    ^-- CPU [cur=-100%, avg=-99.76%, GC=0%]
    ^-- PageMemory [pages=4311]
    ^-- Heap [used=28MB, free=99.08%, comm=52MB]
    ^-- Off-heap [used=16MB, free=99.36%, comm=336MB]
    ^--   sysMemPlc region [used=0MB, free=99.21%, comm=40MB]
    ^--   default region [used=16MB, free=99.34%, comm=256MB]
    ^--   TxLog region [used=0MB, free=100%, comm=40MB]
    ^-- Outbound messages queue [size=0]
    ^-- Public thread pool [active=0, idle=0, qSize=0]
    ^-- System thread pool [active=0, idle=6, qSize=0]
[21:16:04,659][INFO][grid-timeout-worker-#23][IgniteKernal] FreeList [name=default##FreeList, buckets=256, dataPages=1, reusePages=0]
[21:17:04,668][INFO][grid-timeout-worker-#23][IgniteKernal] 
Metrics for local node (to disable set 'metricsLogFrequency' to 0)
    ^-- Node [id=53fa23da, uptime=00:18:00.295]
    ^-- H/N/C [hosts=1, nodes=1, CPUs=4]
    ^-- CPU [cur=-100%, avg=-99.77%, GC=0%]
    ^-- PageMemory [pages=4311]
    ^-- Heap [used=32MB, free=98.95%, comm=52MB]
    ^-- Off-heap [used=16MB, free=99.36%, comm=336MB]
    ^--   sysMemPlc region [used=0MB, free=99.21%, comm=40MB]
    ^--   default region [used=16MB, free=99.34%, comm=256MB]
    ^--   TxLog region [used=0MB, free=100%, comm=40MB]
    ^-- Outbound messages queue [size=0]
    ^-- Public thread pool [active=0, idle=0, qSize=0]
    ^-- System thread pool [active=0, idle=6, qSize=0]
[21:17:04,673][INFO][grid-timeout-worker-#23][IgniteKernal] FreeList [name=default##FreeList, buckets=256, dataPages=1, reusePages=0]
[21:18:04,674][INFO][grid-timeout-worker-#23][IgniteKernal] 
Metrics for local node (to disable set 'metricsLogFrequency' to 0)
    ^-- Node [id=53fa23da, uptime=00:19:00.304]
    ^-- H/N/C [hosts=1, nodes=1, CPUs=4]
    ^-- CPU [cur=-100%, avg=-99.78%, GC=0%]
    ^-- PageMemory [pages=4311]
    ^-- Heap [used=36MB, free=98.82%, comm=52MB]
    ^-- Off-heap [used=16MB, free=99.36%, comm=336MB]
    ^--   sysMemPlc region [used=0MB, free=99.21%, comm=40MB]
    ^--   default region [used=16MB, free=99.34%, comm=256MB]
    ^--   TxLog region [used=0MB, free=100%, comm=40MB]
    ^-- Outbound messages queue [size=0]
    ^-- Public thread pool [active=0, idle=0, qSize=0]
    ^-- System thread pool [active=0, idle=6, qSize=0]
[21:18:04,678][INFO][grid-timeout-worker-#23][IgniteKernal] FreeList [name=default##FreeList, buckets=256, dataPages=1, reusePages=0]
[21:19:04,683][INFO][grid-timeout-worker-#23][IgniteKernal] 
Metrics for local node (to disable set 'metricsLogFrequency' to 0)
    ^-- Node [id=53fa23da, uptime=00:20:00.312]
    ^-- H/N/C [hosts=1, nodes=1, CPUs=4]
    ^-- CPU [cur=-100%, avg=-99.79%, GC=0%]
    ^-- PageMemory [pages=4311]
    ^-- Heap [used=23MB, free=99.24%, comm=52MB]
    ^-- Off-heap [used=16MB, free=99.36%, comm=336MB]
    ^--   sysMemPlc region [used=0MB, free=99.21%, comm=40MB]
    ^--   default region [used=16MB, free=99.34%, comm=256MB]
    ^--   TxLog region [used=0MB, free=100%, comm=40MB]
    ^-- Outbound messages queue [size=0]
    ^-- Public thread pool [active=0, idle=0, qSize=0]
    ^-- System thread pool [active=0, idle=6, qSize=0]
[21:19:04,687][INFO][grid-timeout-worker-#23][IgniteKernal] FreeList [name=default##FreeList, buckets=256, dataPages=1, reusePages=0]
[21:20:04,694][INFO][grid-timeout-worker-#23][IgniteKernal] 
Metrics for local node (to disable set 'metricsLogFrequency' to 0)
    ^-- Node [id=53fa23da, uptime=00:21:00.322]
    ^-- H/N/C [hosts=1, nodes=1, CPUs=4]
    ^-- CPU [cur=-100%, avg=-99.8%, GC=0%]
    ^-- PageMemory [pages=4311]
    ^-- Heap [used=27MB, free=99.11%, comm=52MB]
    ^-- Off-heap [used=16MB, free=99.36%, comm=336MB]
    ^--   sysMemPlc region [used=0MB, free=99.21%, comm=40MB]
    ^--   default region [used=16MB, free=99.34%, comm=256MB]
    ^--   TxLog region [used=0MB, free=100%, comm=40MB]
    ^-- Outbound messages queue [size=0]
    ^-- Public thread pool [active=0, idle=0, qSize=0]
    ^-- System thread pool [active=0, idle=6, qSize=0]
[21:20:04,698][INFO][grid-timeout-worker-#23][IgniteKernal] FreeList [name=default##FreeList, buckets=256, dataPages=1, reusePages=0]
[21:21:04,694][INFO][grid-timeout-worker-#23][IgniteKernal] 
Metrics for local node (to disable set 'metricsLogFrequency' to 0)
    ^-- Node [id=53fa23da, uptime=00:22:00.323]
    ^-- H/N/C [hosts=1, nodes=1, CPUs=4]
    ^-- CPU [cur=-100%, avg=-99.81%, GC=0%]
    ^-- PageMemory [pages=4311]
    ^-- Heap [used=30MB, free=99.01%, comm=52MB]
    ^-- Off-heap [used=16MB, free=99.36%, comm=336MB]
    ^--   sysMemPlc region [used=0MB, free=99.21%, comm=40MB]
    ^--   default region [used=16MB, free=99.34%, comm=256MB]
    ^--   TxLog region [used=0MB, free=100%, comm=40MB]
    ^-- Outbound messages queue [size=0]
    ^-- Public thread pool [active=0, idle=0, qSize=0]
    ^-- System thread pool [active=0, idle=6, qSize=0]
[21:21:04,698][INFO][grid-timeout-worker-#23][IgniteKernal] FreeList [name=default##FreeList, buckets=256, dataPages=1, reusePages=0]
