[14:06:05,091][WARNING][main][G] Ignite work directory is not provided, automatically resolved to: C:\Users\abhinav\Desktop\personal\personal\personal\Ignite\adodotnet\adodotnet\bin\Debug\ignite\work
[14:06:06,249][INFO][main][IgniteKernal] 

>>>    __________  ________________  
>>>   /  _/ ___/ |/ /  _/_  __/ __/  
>>>  _/ // (7 7    // /  / / / _/    
>>> /___/\___/_/|_/___/ /_/ /___/   
>>> 
>>> ver. 2.8.0#20200226-sha1:341b01df
>>> 2020 Copyright(C) Apache Software Foundation
>>> 
>>> Ignite documentation: http://ignite.apache.org

[14:06:06,251][INFO][main][IgniteKernal] Config URL: n/a
[14:06:06,318][INFO][main][IgniteKernal] IgniteConfiguration [igniteInstanceName=null, pubPoolSize=8, svcPoolSize=8, callbackPoolSize=8, stripedPoolSize=8, sysPoolSize=8, mgmtPoolSize=4, igfsPoolSize=4, dataStreamerPoolSize=8, utilityCachePoolSize=8, utilityCacheKeepAliveTime=60000, p2pPoolSize=2, qryPoolSize=8, sqlQryHistSize=1000, dfltQryTimeout=0, igniteHome=null, igniteWorkDir=C:\Users\abhinav\Desktop\personal\personal\personal\Ignite\adodotnet\adodotnet\bin\Debug\ignite\work, mbeanSrv=com.sun.jmx.mbeanserver.JmxMBeanServer@794cb805, nodeId=29be3cdd-3dd4-4338-9118-472047d38376, marsh=BinaryMarshaller [], marshLocJobs=false, daemon=false, p2pEnabled=false, netTimeout=5000, netCompressionLevel=1, sndRetryDelay=1000, sndRetryCnt=3, metricsHistSize=10000, metricsUpdateFreq=2000, metricsExpTime=9223372036854775807, discoSpi=TcpDiscoverySpi [addrRslvr=null, sockTimeout=200, ackTimeout=5000, marsh=null, reconCnt=10, reconDelay=2000, maxAckTimeout=600000, soLinger=5, forceSrvMode=false, clientReconnectDisabled=false, internalLsnr=null, skipAddrsRandomization=false], segPlc=STOP, segResolveAttempts=2, waitForSegOnStart=true, allResolversPassReq=true, segChkFreq=10000, commSpi=TcpCommunicationSpi [connectGate=null, connPlc=org.apache.ignite.spi.communication.tcp.TcpCommunicationSpi$FirstConnectionPolicy@3cebbb30, chConnPlc=null, enableForcibleNodeKill=false, enableTroubleshootingLog=false, locAddr=null, locHost=null, locPort=47100, locPortRange=100, shmemPort=-1, directBuf=true, directSndBuf=false, idleConnTimeout=600000, connTimeout=5000, maxConnTimeout=600000, reconCnt=10, sockSndBuf=32768, sockRcvBuf=32768, msgQueueLimit=0, slowClientQueueLimit=0, nioSrvr=null, shmemSrv=null, usePairedConnections=false, connectionsPerNode=1, tcpNoDelay=true, filterReachableAddresses=false, ackSndThreshold=32, unackedMsgsBufSize=0, sockWriteTimeout=2000, boundTcpPort=-1, boundTcpShmemPort=-1, selectorsCnt=4, selectorSpins=0, addrRslvr=null, ctxInitLatch=java.util.concurrent.CountDownLatch@12aba8be[Count = 1], stopping=false, metricsLsnr=null], evtSpi=org.apache.ignite.spi.eventstorage.NoopEventStorageSpi@290222c1, colSpi=NoopCollisionSpi [], deploySpi=LocalDeploymentSpi [], indexingSpi=org.apache.ignite.spi.indexing.noop.NoopIndexingSpi@27462a88, addrRslvr=null, encryptionSpi=org.apache.ignite.spi.encryption.noop.NoopEncryptionSpi@82de64a, clientMode=false, rebalanceThreadPoolSize=4, rebalanceTimeout=10000, rebalanceBatchesPrefetchCnt=3, rebalanceThrottle=0, rebalanceBatchSize=524288, txCfg=TransactionConfiguration [txSerEnabled=false, dfltIsolation=REPEATABLE_READ, dfltConcurrency=PESSIMISTIC, dfltTxTimeout=0, txTimeoutOnPartitionMapExchange=0, deadlockTimeout=10000, pessimisticTxLogSize=0, pessimisticTxLogLinger=10000, tmLookupClsName=null, txManagerFactory=null, useJtaSync=false], cacheSanityCheckEnabled=true, discoStartupDelay=60000, deployMode=SHARED, p2pMissedCacheSize=100, locHost=127.0.0.1, timeSrvPortBase=31100, timeSrvPortRange=100, failureDetectionTimeout=10000, sysWorkerBlockedTimeout=null, clientFailureDetectionTimeout=30000, metricsLogFreq=60000, hadoopCfg=null, connectorCfg=ConnectorConfiguration [jettyPath=null, host=null, port=11211, noDelay=true, directBuf=false, sndBufSize=32768, rcvBufSize=32768, idleQryCurTimeout=600000, idleQryCurCheckFreq=60000, sndQueueLimit=0, selectorCnt=4, idleTimeout=7000, sslEnabled=false, sslClientAuth=false, sslCtxFactory=null, sslFactory=null, portRange=100, threadPoolSize=8, msgInterceptor=null], odbcCfg=null, warmupClos=null, atomicCfg=AtomicConfiguration [seqReserveSize=1000, cacheMode=PARTITIONED, backups=1, aff=null, grpName=null], classLdr=null, sslCtxFactory=null, platformCfg=PlatformDotNetConfiguration [binaryCfg=null], binaryCfg=null, memCfg=null, pstCfg=null, dsCfg=DataStorageConfiguration [sysRegionInitSize=41943040, sysRegionMaxSize=104857600, pageSize=0, concLvl=0, dfltDataRegConf=DataRegionConfiguration [name=default, maxSize=2561745715, initSize=268435456, swapPath=null, pageEvictionMode=DISABLED, evictionThreshold=0.9, emptyPagesPoolSize=100, metricsEnabled=false, metricsSubIntervalCount=5, metricsRateTimeInterval=60000, persistenceEnabled=false, checkpointPageBufSize=0, lazyMemoryAllocation=true], dataRegions=null, storagePath=null, checkpointFreq=180000, lockWaitTime=10000, checkpointThreads=4, checkpointWriteOrder=SEQUENTIAL, walHistSize=20, maxWalArchiveSize=1073741824, walSegments=10, walSegmentSize=67108864, walPath=db/wal, walArchivePath=db/wal/archive, metricsEnabled=false, walMode=LOG_ONLY, walTlbSize=131072, walBuffSize=0, walFlushFreq=2000, walFsyncDelay=1000, walRecordIterBuffSize=67108864, alwaysWriteFullPages=false, fileIOFactory=org.apache.ignite.internal.processors.cache.persistence.file.AsyncFileIOFactory@7d4f9aae, metricsSubIntervalCnt=5, metricsRateTimeInterval=60000, walAutoArchiveAfterInactivity=-1, writeThrottlingEnabled=false, walCompactionEnabled=false, walCompactionLevel=1, checkpointReadLockTimeout=null, walPageCompression=DISABLED, walPageCompressionLevel=null], activeOnStart=true, autoActivation=true, longQryWarnTimeout=3000, sqlConnCfg=null, cliConnCfg=ClientConnectorConfiguration [host=null, port=10800, portRange=100, sockSndBufSize=0, sockRcvBufSize=0, tcpNoDelay=true, maxOpenCursorsPerConn=128, threadPoolSize=8, idleTimeout=0, handshakeTimeout=10000, jdbcEnabled=true, odbcEnabled=true, thinCliEnabled=true, sslEnabled=false, useIgniteSslCtxFactory=true, sslClientAuth=false, sslCtxFactory=null, thinCliCfg=ThinClientConfiguration [maxActiveTxPerConn=100]], mvccVacuumThreadCnt=2, mvccVacuumFreq=5000, authEnabled=false, failureHnd=null, commFailureRslvr=null]
[14:06:06,352][INFO][main][IgniteKernal] Daemon mode: off
[14:06:06,352][INFO][main][IgniteKernal] OS: Windows 10 10.0 amd64
[14:06:06,354][INFO][main][IgniteKernal] OS user: abhinav
[14:06:06,426][INFO][main][IgniteKernal] PID: 7184
[14:06:06,430][INFO][main][IgniteKernal] Language runtime: Java Platform API Specification ver. 14
[14:06:06,431][INFO][main][IgniteKernal] VM information: Java(TM) SE Runtime Environment 14.0.1+7 Oracle Corporation Java HotSpot(TM) 64-Bit Server VM 14.0.1+7
[14:06:06,433][INFO][main][IgniteKernal] VM total memory: 3.0GB
[14:06:06,434][INFO][main][IgniteKernal] Remote Management [restart: off, REST: on, JMX (remote: off)]
[14:06:06,436][INFO][main][IgniteKernal] Logger: JavaLogger [quiet=false, config=null]
[14:06:06,441][INFO][main][IgniteKernal] IGNITE_HOME=null
[14:06:06,442][INFO][main][IgniteKernal] VM arguments: [-Dfile.encoding=UTF-8, -Djava.util.logging.config.file=C:\Users\abhinav\Desktop\personal\personal\personal\Ignite\adodotnet\adodotnet\bin\Debug\config\java.util.logging.properties, --add-exports=java.base/jdk.internal.misc=ALL-UNNAMED, --add-exports=java.base/sun.nio.ch=ALL-UNNAMED, --add-exports=java.management/com.sun.jmx.mbeanserver=ALL-UNNAMED, --add-exports=jdk.internal.jvmstat/sun.jvmstat.monitor=ALL-UNNAMED, --illegal-access=permit]
[14:06:06,445][INFO][main][IgniteKernal] System cache's DataRegion size is configured to 40 MB. Use DataStorageConfiguration.systemRegionInitialSize property to change the setting.
[14:06:06,447][INFO][main][IgniteKernal] Configured caches [in 'sysMemPlc' dataRegion: ['ignite-sys-cache']]
[14:06:06,449][WARNING][main][IgniteKernal] Please set system property '-Djava.net.preferIPv4Stack=true' to avoid possible problems in mixed environments.
[14:06:06,457][WARNING][pub-#19][GridDiagnostic] This operating system has been tested less rigorously: Windows 10 10.0 amd64. Our team will appreciate the feedback if you experience any problems running ignite in this environment.
[14:06:06,494][WARNING][pub-#22][GridDiagnostic] Initial heap size is 192MB (should be no less than 512MB, use -Xms512m -Xmx512m).
[14:06:06,796][INFO][main][IgnitePluginProcessor] Configured plugins:
[14:06:06,796][INFO][main][IgnitePluginProcessor]   ^-- None
[14:06:06,799][INFO][main][IgnitePluginProcessor] 
[14:06:06,806][INFO][main][FailureProcessor] Configured failure handler: [hnd=StopNodeOrHaltFailureHandler [tryStop=false, timeout=0, super=AbstractFailureHandler [ignoredFailureTypes=UnmodifiableSet [SYSTEM_WORKER_BLOCKED, SYSTEM_CRITICAL_OPERATION_TIMEOUT]]]]
[14:06:07,228][INFO][main][TcpCommunicationSpi] Successfully bound communication NIO server to TCP port [port=47100, locHost=/127.0.0.1, selectorsCnt=4, selectorSpins=0, pairedConn=false]
[14:06:07,232][WARNING][main][TcpCommunicationSpi] Message queue limit is set to 0 which may lead to potential OOMEs when running cache operations in FULL_ASYNC or PRIMARY_SYNC modes due to message queues growth on sender and receiver sides.
[14:06:07,268][WARNING][main][NoopCheckpointSpi] Checkpoints are disabled (to enable configure any GridCheckpointSpi implementation)
[14:06:07,318][WARNING][main][GridCollisionManager] Collision resolution is disabled (all jobs will be activated upon arrival).
[14:06:07,328][INFO][main][IgniteKernal] Security status [authentication=off, tls/ssl=off]
[14:06:07,768][INFO][main][TcpDiscoverySpi] Successfully bound to TCP port [port=47500, localHost=127.0.0.1/127.0.0.1, locNodeId=29be3cdd-3dd4-4338-9118-472047d38376]
[14:06:07,879][WARNING][main][IgniteCacheDatabaseSharedManager] DataRegionConfiguration.maxWalArchiveSize instead DataRegionConfiguration.walHistorySize would be used for removing old archive wal files
[14:06:07,916][INFO][main][IgniteCacheDatabaseSharedManager] Configured data regions initialized successfully [total=3]
[14:06:07,967][INFO][main][PartitionsEvictManager] Evict partition permits=2
[14:06:08,158][WARNING][main][IgniteH2Indexing] Serialization of Java objects in H2 was enabled.
[14:06:08,594][INFO][main][ClientListenerProcessor] Client connector processor has started on TCP port 10800
[14:06:08,728][INFO][main][GridTcpRestProtocol] Command protocol successfully started [name=TCP binary, host=/127.0.0.1, port=11211]
[14:06:08,813][WARNING][main][PlatformProcessorImpl] Marshaller is automatically set to o.a.i.i.binary.BinaryMarshaller (other nodes must have the same marshaller type).
[14:06:09,799][INFO][main][IgniteKernal] Non-loopback local IPs: 192.168.129.1, 192.168.195.1, 192.168.43.176, 2401:4900:3150:f540:84d4:4c3:316e:276e, 2401:4900:3150:f540:c8e:4405:30c1:94df, fe80:0:0:0:10d0:dabd:cc9e:f44a%eth4, fe80:0:0:0:4ce1:9c0c:22e5:de98%eth3, fe80:0:0:0:4d89:5228:3776:44bf%eth5, fe80:0:0:0:6c7c:2e06:db2:4d2%wlan2, fe80:0:0:0:c8e:4405:30c1:94df%wlan7, fe80:0:0:0:ddc8:ca9f:b09e:f87%wlan1, fe80:0:0:0:ed8a:10af:6f50:5f7c%eth7
[14:06:09,801][INFO][main][IgniteKernal] Enabled local MACs: 005056C00001, 005056C00008, 3010B38F6A28, 5C93A2C290E4, 5E93A2C290E4, 5E93A2C298E4, C45444F3F0A4
[14:06:09,860][INFO][main][TcpDiscoverySpi] Connection check threshold is calculated: 200
[14:06:11,219][INFO][disco-notifier-worker-#41][GridClusterStateProcessor] Received activate request with BaselineTopology[id=0]
[14:06:11,224][INFO][disco-notifier-worker-#41][GridClusterStateProcessor] Started state transition: true
[14:06:11,228][INFO][disco-notifier-worker-#41][GridClusterStateProcessor] Received state change finish message: true
[14:06:11,231][INFO][disco-notifier-worker-#41][MvccProcessorImpl] Assigned mvcc coordinator [crd=MvccCoordinator [topVer=AffinityTopologyVersion [topVer=1, minorTopVer=0], nodeId=29be3cdd-3dd4-4338-9118-472047d38376, ver=1587976571178, local=true, initialized=false]]
[14:06:11,327][INFO][disco-notifier-worker-#41][DistributedBaselineConfiguration] Baseline parameter 'baselineAutoAdjustEnabled' was changed from 'null' to 'true'
[14:06:11,337][INFO][disco-notifier-worker-#41][DistributedBaselineConfiguration] Baseline parameter 'baselineAutoAdjustTimeout' was changed from 'null' to '0'
[14:06:11,457][INFO][exchange-worker-#43][time] Started exchange init [topVer=AffinityTopologyVersion [topVer=1, minorTopVer=0], crd=true, evt=NODE_JOINED, evtNode=29be3cdd-3dd4-4338-9118-472047d38376, customEvt=null, allowMerge=false, exchangeFreeSwitch=false]
[14:06:11,501][INFO][exchange-worker-#43][IgniteCacheDatabaseSharedManager] Configured data regions started successfully [total=3]
[14:06:11,502][INFO][exchange-worker-#43][msg] Components activation performed in 38 ms.
[14:06:11,748][INFO][exchange-worker-#43][GridCacheProcessor] Started cache [name=ignite-sys-cache, id=-2100569601, dataRegionName=sysMemPlc, mode=REPLICATED, atomicity=TRANSACTIONAL, backups=2147483647, mvcc=false]
[14:06:11,751][INFO][exchange-worker-#43][GridCacheProcessor] Starting caches on local join performed in 252 ms.
[14:06:11,816][INFO][exchange-worker-#43][GridDhtPartitionsExchangeFuture] Skipped waiting for partitions release future (local node is joining) [topVer=AffinityTopologyVersion [topVer=1, minorTopVer=0]]
[14:06:11,990][INFO][exchange-worker-#43][GridDhtPartitionsExchangeFuture] finishExchangeOnCoordinator [topVer=AffinityTopologyVersion [topVer=1, minorTopVer=0], resVer=AffinityTopologyVersion [topVer=1, minorTopVer=0]]
[14:06:12,034][INFO][exchange-worker-#43][GridDhtPartitionsExchangeFuture] Finish exchange future [startVer=AffinityTopologyVersion [topVer=1, minorTopVer=0], resVer=AffinityTopologyVersion [topVer=1, minorTopVer=0], err=null, rebalanced=true, wasRebalanced=false]
[14:06:12,065][INFO][exchange-worker-#43][GridCacheProcessor] Finish proxy initialization, cacheName=ignite-sys-cache, localNodeId=29be3cdd-3dd4-4338-9118-472047d38376
[14:06:12,071][INFO][exchange-worker-#43][GridDhtPartitionsExchangeFuture] Completed partition exchange [localNode=29be3cdd-3dd4-4338-9118-472047d38376, exchange=GridDhtPartitionsExchangeFuture [topVer=AffinityTopologyVersion [topVer=1, minorTopVer=0], evt=NODE_JOINED, evtNode=TcpDiscoveryNode [id=29be3cdd-3dd4-4338-9118-472047d38376, consistentId=127.0.0.1:47500, addrs=ArrayList [127.0.0.1], sockAddrs=HashSet [/127.0.0.1:47500], discPort=47500, order=1, intOrder=1, lastExchangeTime=1587976569859, loc=true, ver=2.8.0#20200226-sha1:341b01df, isClient=false], done=true, newCrdFut=null], topVer=AffinityTopologyVersion [topVer=1, minorTopVer=0]]
[14:06:12,075][INFO][exchange-worker-#43][GridDhtPartitionsExchangeFuture] Exchange timings [startVer=AffinityTopologyVersion [topVer=1, minorTopVer=0], resVer=AffinityTopologyVersion [topVer=1, minorTopVer=0], stage="Waiting in exchange queue" (198 ms), stage="Exchange parameters initialization" (13 ms), stage="Components activation" (41 ms), stage="Determine exchange type" (309 ms), stage="Preloading notification" (1 ms), stage="WAL history reservation" (0 ms), stage="After states restored callback" (173 ms), stage="Waiting for all single messages" (0 ms), stage="Affinity recalculation (crd)" (1 ms), stage="Collect update counters and create affinity messages" (2 ms), stage="Validate partitions states" (5 ms), stage="Assign partitions states" (1 ms), stage="Apply update counters" (1 ms), stage="Full message preparing" (31 ms), stage="Full message sending" (0 ms), stage="State finish message sending" (0 ms), stage="Exchange done" (40 ms), stage="Total time" (816 ms)]
[14:06:12,081][INFO][exchange-worker-#43][GridDhtPartitionsExchangeFuture] Exchange longest local stages [startVer=AffinityTopologyVersion [topVer=1, minorTopVer=0], resVer=AffinityTopologyVersion [topVer=1, minorTopVer=0], stage="Coordinator affinity cache init [grp=ignite-sys-cache]" (291 ms) (parent=Determine exchange type), stage="First node affinity initialization (node join) [grp=ignite-sys-cache]" (12 ms) (parent=Determine exchange type)]
[14:06:12,084][INFO][exchange-worker-#43][time] Finished exchange init [topVer=AffinityTopologyVersion [topVer=1, minorTopVer=0], crd=true]
[14:06:12,097][INFO][exchange-worker-#43][GridCachePartitionExchangeManager] Skipping rebalancing (nothing scheduled) [top=AffinityTopologyVersion [topVer=1, minorTopVer=0], force=false, evt=NODE_JOINED, node=29be3cdd-3dd4-4338-9118-472047d38376]
[14:06:12,206][INFO][main][IgniteKernal] Performance suggestions for grid  (fix if possible)
[14:06:12,210][INFO][main][IgniteKernal] To disable, set -DIGNITE_PERFORMANCE_SUGGESTIONS_DISABLED=true
[14:06:12,212][INFO][main][IgniteKernal]   ^-- Switch to the most recent 1.8 JVM version
[14:06:12,218][INFO][main][IgniteKernal]   ^-- Specify JVM heap max size (add '-Xmx<size>[g|G|m|M|k|K]' to JVM options)
[14:06:12,232][INFO][main][IgniteKernal]   ^-- Set max direct memory size if getting 'OOME: Direct buffer memory' (add '-XX:MaxDirectMemorySize=<size>[g|G|m|M|k|K]' to JVM options)
[14:06:12,234][INFO][main][IgniteKernal]   ^-- Disable processing of calls to System.gc() (add '-XX:+DisableExplicitGC' to JVM options)
[14:06:12,236][INFO][main][IgniteKernal] Refer to this page for more performance suggestions: https://apacheignite.readme.io/docs/jvm-and-system-tuning
[14:06:12,241][INFO][main][IgniteKernal] 
[14:06:12,242][INFO][main][IgniteKernal] To start Console Management & Monitoring run ignitevisorcmd.{sh|bat}
[14:06:12,245][INFO][main][IgniteKernal] Data Regions Configured:
[14:06:12,258][INFO][main][IgniteKernal]   ^-- default [initSize=256.0 MiB, maxSize=2.4 GiB, persistence=false, lazyMemoryAllocation=true]
[14:06:12,265][INFO][main][IgniteKernal] 

>>> +----------------------------------------------------------------------+
>>> Ignite ver. 2.8.0#20200226-sha1:341b01dfd8abf2d9b01d468ad1bb26dfe84ac4f6
>>> +----------------------------------------------------------------------+
>>> OS name: Windows 10 10.0 amd64
>>> CPU(s): 4
>>> Heap: 3.0GB
>>> VM name: 7184@DESKTOP-E7LFMHO
>>> Local node [ID=29BE3CDD-3DD4-4338-9118-472047D38376, order=1, clientMode=false]
>>> Local node addresses: [127.0.0.1]
>>> Local ports: TCP:10800 TCP:11211 TCP:47100 UDP:47400 TCP:47500 

[14:06:12,295][INFO][main][GridDiscoveryManager] Topology snapshot [ver=1, locNode=29be3cdd, servers=1, clients=0, state=ACTIVE, CPUs=4, offheap=2.4GB, heap=3.0GB]
[14:06:12,296][INFO][main][GridDiscoveryManager]   ^-- Baseline [id=0, size=1, online=1, offline=0]
[14:06:12,299][INFO][main][G] Node started : [stage="Configure system pool" (191 ms),stage="Start managers" (1163 ms),stage="Configure binary metadata" (15 ms),stage="Start processors" (1622 ms),stage="Init metastore" (805 ms),stage="Finish recovery" (0 ms),stage="Join topology" (1397 ms),stage="Await transition" (32 ms),stage="Await exchange" (1035 ms),stage="Total time" (6260 ms)]
[14:06:12,342][WARNING][main][] GC server mode is not enabled, this could lead to less than optimal performance on multi-core machines (to enable see http://msdn.microsoft.com/en-us/library/ms229357(v=vs.110).aspx).
[14:06:12,342][INFO][main][PluginProcessor] Configured .NET plugins:
[14:06:12,345][INFO][main][PluginProcessor]   ^-- None
[14:06:12,717][INFO][exchange-worker-#43][time] Started exchange init [topVer=AffinityTopologyVersion [topVer=1, minorTopVer=1], crd=true, evt=DISCOVERY_CUSTOM_EVT, evtNode=29be3cdd-3dd4-4338-9118-472047d38376, customEvt=DynamicCacheChangeBatch [id=47c67cab171-c40f74bc-dd18-48f6-9d8e-9eb50ddeb7ee, reqs=ArrayList [DynamicCacheChangeRequest [cacheName=student, hasCfg=true, nodeId=29be3cdd-3dd4-4338-9118-472047d38376, clientStartOnly=false, stop=false, destroy=false, disabledAfterStartfalse]], exchangeActions=ExchangeActions [startCaches=[student], stopCaches=null, startGrps=[student], stopGrps=[], resetParts=null, stateChangeRequest=null], startCaches=false], allowMerge=false, exchangeFreeSwitch=false]
[14:06:12,895][INFO][exchange-worker-#43][GridCacheProcessor] Started cache [name=student, id=-1879145925, dataRegionName=default, mode=PARTITIONED, atomicity=ATOMIC, backups=0, mvcc=false]
[14:06:12,958][INFO][exchange-worker-#43][GridDhtPartitionsExchangeFuture] Finished waiting for partition release future [topVer=AffinityTopologyVersion [topVer=1, minorTopVer=1], waitTime=0ms, futInfo=NA, mode=DISTRIBUTED]
[14:06:12,965][INFO][exchange-worker-#43][GridDhtPartitionsExchangeFuture] Finished waiting for partitions release latch: ServerLatch [permits=0, pendingAcks=HashSet [], super=CompletableLatch [id=CompletableLatchUid [id=exchange, topVer=AffinityTopologyVersion [topVer=1, minorTopVer=1]]]]
[14:06:12,967][INFO][exchange-worker-#43][GridDhtPartitionsExchangeFuture] Finished waiting for partition release future [topVer=AffinityTopologyVersion [topVer=1, minorTopVer=1], waitTime=0ms, futInfo=NA, mode=LOCAL]
[14:06:13,109][INFO][exchange-worker-#43][GridDhtPartitionsExchangeFuture] finishExchangeOnCoordinator [topVer=AffinityTopologyVersion [topVer=1, minorTopVer=1], resVer=AffinityTopologyVersion [topVer=1, minorTopVer=1]]
[14:06:13,144][INFO][exchange-worker-#43][GridDhtPartitionsExchangeFuture] Finish exchange future [startVer=AffinityTopologyVersion [topVer=1, minorTopVer=1], resVer=AffinityTopologyVersion [topVer=1, minorTopVer=1], err=null, rebalanced=true, wasRebalanced=true]
[14:06:13,157][INFO][exchange-worker-#43][GridCacheProcessor] Finish proxy initialization, cacheName=student, localNodeId=29be3cdd-3dd4-4338-9118-472047d38376
[14:06:13,159][INFO][exchange-worker-#43][GridDhtPartitionsExchangeFuture] Completed partition exchange [localNode=29be3cdd-3dd4-4338-9118-472047d38376, exchange=GridDhtPartitionsExchangeFuture [topVer=AffinityTopologyVersion [topVer=1, minorTopVer=1], evt=DISCOVERY_CUSTOM_EVT, evtNode=TcpDiscoveryNode [id=29be3cdd-3dd4-4338-9118-472047d38376, consistentId=127.0.0.1:47500, addrs=ArrayList [127.0.0.1], sockAddrs=HashSet [/127.0.0.1:47500], discPort=47500, order=1, intOrder=1, lastExchangeTime=1587976569859, loc=true, ver=2.8.0#20200226-sha1:341b01df, isClient=false], done=true, newCrdFut=null], topVer=AffinityTopologyVersion [topVer=1, minorTopVer=1]]
[14:06:13,172][INFO][exchange-worker-#43][GridDhtPartitionsExchangeFuture] Exchange timings [startVer=AffinityTopologyVersion [topVer=1, minorTopVer=1], resVer=AffinityTopologyVersion [topVer=1, minorTopVer=1], stage="Waiting in exchange queue" (0 ms), stage="Exchange parameters initialization" (12 ms), stage="Update caches registry" (4 ms), stage="Start caches" (170 ms), stage="Affinity initialization on cache group start" (45 ms), stage="Determine exchange type" (0 ms), stage="Preloading notification" (0 ms), stage="WAL history reservation" (0 ms), stage="Wait partitions release" (12 ms), stage="Wait partitions release latch" (5 ms), stage="Wait partitions release" (1 ms), stage="After states restored callback" (141 ms), stage="Waiting for all single messages" (0 ms), stage="Affinity recalculation (crd)" (0 ms), stage="Collect update counters and create affinity messages" (0 ms), stage="Validate partitions states" (0 ms), stage="Assign partitions states" (4 ms), stage="Apply update counters" (5 ms), stage="Full message preparing" (23 ms), stage="Full message sending" (0 ms), stage="Exchange done" (28 ms), stage="Total time" (450 ms)]
[14:06:13,180][INFO][exchange-worker-#43][GridDhtPartitionsExchangeFuture] Exchange longest local stages [startVer=AffinityTopologyVersion [topVer=1, minorTopVer=1], resVer=AffinityTopologyVersion [topVer=1, minorTopVer=1], stage="Affinity initialization on cache group start [grp=student]" (45 ms) (parent=Affinity initialization on cache group start)]
[14:06:13,185][INFO][exchange-worker-#43][time] Finished exchange init [topVer=AffinityTopologyVersion [topVer=1, minorTopVer=1], crd=true]
[14:06:13,200][INFO][exchange-worker-#43][GridCachePartitionExchangeManager] Skipping rebalancing (nothing scheduled) [top=AffinityTopologyVersion [topVer=1, minorTopVer=1], force=false, evt=DISCOVERY_CUSTOM_EVT, node=29be3cdd-3dd4-4338-9118-472047d38376]
