[14:12:01,647][WARNING][main][G] Ignite work directory is not provided, automatically resolved to: C:\Users\abhinav\Desktop\personal\personal\personal\Ignite\adodotnet\adodotnet\bin\Debug\ignite\work
[14:12:02,161][INFO][main][IgniteKernal] 

>>>    __________  ________________  
>>>   /  _/ ___/ |/ /  _/_  __/ __/  
>>>  _/ // (7 7    // /  / / / _/    
>>> /___/\___/_/|_/___/ /_/ /___/   
>>> 
>>> ver. 2.8.0#20200226-sha1:341b01df
>>> 2020 Copyright(C) Apache Software Foundation
>>> 
>>> Ignite documentation: http://ignite.apache.org

[14:12:02,162][INFO][main][IgniteKernal] Config URL: n/a
[14:12:02,208][INFO][main][IgniteKernal] IgniteConfiguration [igniteInstanceName=null, pubPoolSize=8, svcPoolSize=8, callbackPoolSize=8, stripedPoolSize=8, sysPoolSize=8, mgmtPoolSize=4, igfsPoolSize=4, dataStreamerPoolSize=8, utilityCachePoolSize=8, utilityCacheKeepAliveTime=60000, p2pPoolSize=2, qryPoolSize=8, sqlQryHistSize=1000, dfltQryTimeout=0, igniteHome=null, igniteWorkDir=C:\Users\abhinav\Desktop\personal\personal\personal\Ignite\adodotnet\adodotnet\bin\Debug\ignite\work, mbeanSrv=com.sun.jmx.mbeanserver.JmxMBeanServer@1f3f4916, nodeId=085ddd5f-578d-4290-a84f-0ef02528af73, marsh=BinaryMarshaller [], marshLocJobs=false, daemon=false, p2pEnabled=false, netTimeout=5000, netCompressionLevel=1, sndRetryDelay=1000, sndRetryCnt=3, metricsHistSize=10000, metricsUpdateFreq=2000, metricsExpTime=9223372036854775807, discoSpi=TcpDiscoverySpi [addrRslvr=null, sockTimeout=200, ackTimeout=5000, marsh=null, reconCnt=10, reconDelay=2000, maxAckTimeout=600000, soLinger=5, forceSrvMode=false, clientReconnectDisabled=false, internalLsnr=null, skipAddrsRandomization=false], segPlc=STOP, segResolveAttempts=2, waitForSegOnStart=true, allResolversPassReq=true, segChkFreq=10000, commSpi=TcpCommunicationSpi [connectGate=null, connPlc=org.apache.ignite.spi.communication.tcp.TcpCommunicationSpi$FirstConnectionPolicy@1e1a0406, chConnPlc=null, enableForcibleNodeKill=false, enableTroubleshootingLog=false, locAddr=null, locHost=null, locPort=47100, locPortRange=100, shmemPort=-1, directBuf=true, directSndBuf=false, idleConnTimeout=600000, connTimeout=5000, maxConnTimeout=600000, reconCnt=10, sockSndBuf=32768, sockRcvBuf=32768, msgQueueLimit=0, slowClientQueueLimit=0, nioSrvr=null, shmemSrv=null, usePairedConnections=false, connectionsPerNode=1, tcpNoDelay=true, filterReachableAddresses=false, ackSndThreshold=32, unackedMsgsBufSize=0, sockWriteTimeout=2000, boundTcpPort=-1, boundTcpShmemPort=-1, selectorsCnt=4, selectorSpins=0, addrRslvr=null, ctxInitLatch=java.util.concurrent.CountDownLatch@3cebbb30[Count = 1], stopping=false, metricsLsnr=null], evtSpi=org.apache.ignite.spi.eventstorage.NoopEventStorageSpi@12aba8be, colSpi=NoopCollisionSpi [], deploySpi=LocalDeploymentSpi [], indexingSpi=org.apache.ignite.spi.indexing.noop.NoopIndexingSpi@71a8adcf, addrRslvr=null, encryptionSpi=org.apache.ignite.spi.encryption.noop.NoopEncryptionSpi@27462a88, clientMode=false, rebalanceThreadPoolSize=4, rebalanceTimeout=10000, rebalanceBatchesPrefetchCnt=3, rebalanceThrottle=0, rebalanceBatchSize=524288, txCfg=TransactionConfiguration [txSerEnabled=false, dfltIsolation=REPEATABLE_READ, dfltConcurrency=PESSIMISTIC, dfltTxTimeout=0, txTimeoutOnPartitionMapExchange=0, deadlockTimeout=10000, pessimisticTxLogSize=0, pessimisticTxLogLinger=10000, tmLookupClsName=null, txManagerFactory=null, useJtaSync=false], cacheSanityCheckEnabled=true, discoStartupDelay=60000, deployMode=SHARED, p2pMissedCacheSize=100, locHost=127.0.0.1, timeSrvPortBase=31100, timeSrvPortRange=100, failureDetectionTimeout=10000, sysWorkerBlockedTimeout=null, clientFailureDetectionTimeout=30000, metricsLogFreq=60000, hadoopCfg=null, connectorCfg=ConnectorConfiguration [jettyPath=null, host=null, port=11211, noDelay=true, directBuf=false, sndBufSize=32768, rcvBufSize=32768, idleQryCurTimeout=600000, idleQryCurCheckFreq=60000, sndQueueLimit=0, selectorCnt=4, idleTimeout=7000, sslEnabled=false, sslClientAuth=false, sslCtxFactory=null, sslFactory=null, portRange=100, threadPoolSize=8, msgInterceptor=null], odbcCfg=null, warmupClos=null, atomicCfg=AtomicConfiguration [seqReserveSize=1000, cacheMode=PARTITIONED, backups=1, aff=null, grpName=null], classLdr=null, sslCtxFactory=null, platformCfg=PlatformDotNetConfiguration [binaryCfg=null], binaryCfg=null, memCfg=null, pstCfg=null, dsCfg=DataStorageConfiguration [sysRegionInitSize=41943040, sysRegionMaxSize=104857600, pageSize=0, concLvl=0, dfltDataRegConf=DataRegionConfiguration [name=default, maxSize=2561745715, initSize=268435456, swapPath=null, pageEvictionMode=DISABLED, evictionThreshold=0.9, emptyPagesPoolSize=100, metricsEnabled=false, metricsSubIntervalCount=5, metricsRateTimeInterval=60000, persistenceEnabled=false, checkpointPageBufSize=0, lazyMemoryAllocation=true], dataRegions=null, storagePath=null, checkpointFreq=180000, lockWaitTime=10000, checkpointThreads=4, checkpointWriteOrder=SEQUENTIAL, walHistSize=20, maxWalArchiveSize=1073741824, walSegments=10, walSegmentSize=67108864, walPath=db/wal, walArchivePath=db/wal/archive, metricsEnabled=false, walMode=LOG_ONLY, walTlbSize=131072, walBuffSize=0, walFlushFreq=2000, walFsyncDelay=1000, walRecordIterBuffSize=67108864, alwaysWriteFullPages=false, fileIOFactory=org.apache.ignite.internal.processors.cache.persistence.file.AsyncFileIOFactory@506ae4d4, metricsSubIntervalCnt=5, metricsRateTimeInterval=60000, walAutoArchiveAfterInactivity=-1, writeThrottlingEnabled=false, walCompactionEnabled=false, walCompactionLevel=1, checkpointReadLockTimeout=null, walPageCompression=DISABLED, walPageCompressionLevel=null], activeOnStart=true, autoActivation=true, longQryWarnTimeout=3000, sqlConnCfg=null, cliConnCfg=ClientConnectorConfiguration [host=null, port=10800, portRange=100, sockSndBufSize=0, sockRcvBufSize=0, tcpNoDelay=true, maxOpenCursorsPerConn=128, threadPoolSize=8, idleTimeout=0, handshakeTimeout=10000, jdbcEnabled=true, odbcEnabled=true, thinCliEnabled=true, sslEnabled=false, useIgniteSslCtxFactory=true, sslClientAuth=false, sslCtxFactory=null, thinCliCfg=ThinClientConfiguration [maxActiveTxPerConn=100]], mvccVacuumThreadCnt=2, mvccVacuumFreq=5000, authEnabled=false, failureHnd=null, commFailureRslvr=null]
[14:12:02,241][INFO][main][IgniteKernal] Daemon mode: off
[14:12:02,243][INFO][main][IgniteKernal] OS: Windows 10 10.0 amd64
[14:12:02,245][INFO][main][IgniteKernal] OS user: abhinav
[14:12:02,270][INFO][main][IgniteKernal] PID: 18084
[14:12:02,275][INFO][main][IgniteKernal] Language runtime: Java Platform API Specification ver. 14
[14:12:02,275][INFO][main][IgniteKernal] VM information: Java(TM) SE Runtime Environment 14.0.1+7 Oracle Corporation Java HotSpot(TM) 64-Bit Server VM 14.0.1+7
[14:12:02,277][INFO][main][IgniteKernal] VM total memory: 3.0GB
[14:12:02,277][INFO][main][IgniteKernal] Remote Management [restart: off, REST: on, JMX (remote: off)]
[14:12:02,279][INFO][main][IgniteKernal] Logger: JavaLogger [quiet=false, config=null]
[14:12:02,279][INFO][main][IgniteKernal] IGNITE_HOME=null
[14:12:02,280][INFO][main][IgniteKernal] VM arguments: [-Dfile.encoding=UTF-8, -Djava.util.logging.config.file=C:\Users\abhinav\Desktop\personal\personal\personal\Ignite\adodotnet\adodotnet\bin\Debug\config\java.util.logging.properties, --add-exports=java.base/jdk.internal.misc=ALL-UNNAMED, --add-exports=java.base/sun.nio.ch=ALL-UNNAMED, --add-exports=java.management/com.sun.jmx.mbeanserver=ALL-UNNAMED, --add-exports=jdk.internal.jvmstat/sun.jvmstat.monitor=ALL-UNNAMED, --illegal-access=permit]
[14:12:02,283][INFO][main][IgniteKernal] System cache's DataRegion size is configured to 40 MB. Use DataStorageConfiguration.systemRegionInitialSize property to change the setting.
[14:12:02,284][INFO][main][IgniteKernal] Configured caches [in 'sysMemPlc' dataRegion: ['ignite-sys-cache']]
[14:12:02,285][WARNING][main][IgniteKernal] Please set system property '-Djava.net.preferIPv4Stack=true' to avoid possible problems in mixed environments.
[14:12:02,294][WARNING][pub-#19][GridDiagnostic] This operating system has been tested less rigorously: Windows 10 10.0 amd64. Our team will appreciate the feedback if you experience any problems running ignite in this environment.
[14:12:02,312][WARNING][pub-#22][GridDiagnostic] Initial heap size is 192MB (should be no less than 512MB, use -Xms512m -Xmx512m).
[14:12:02,602][INFO][main][IgnitePluginProcessor] Configured plugins:
[14:12:02,609][INFO][main][IgnitePluginProcessor]   ^-- None
[14:12:02,625][INFO][main][IgnitePluginProcessor] 
[14:12:02,644][INFO][main][FailureProcessor] Configured failure handler: [hnd=StopNodeOrHaltFailureHandler [tryStop=false, timeout=0, super=AbstractFailureHandler [ignoredFailureTypes=UnmodifiableSet [SYSTEM_WORKER_BLOCKED, SYSTEM_CRITICAL_OPERATION_TIMEOUT]]]]
[14:12:03,079][INFO][main][TcpCommunicationSpi] Successfully bound communication NIO server to TCP port [port=47100, locHost=/127.0.0.1, selectorsCnt=4, selectorSpins=0, pairedConn=false]
[14:12:03,091][WARNING][main][TcpCommunicationSpi] Message queue limit is set to 0 which may lead to potential OOMEs when running cache operations in FULL_ASYNC or PRIMARY_SYNC modes due to message queues growth on sender and receiver sides.
[14:12:03,177][WARNING][main][NoopCheckpointSpi] Checkpoints are disabled (to enable configure any GridCheckpointSpi implementation)
[14:12:03,280][WARNING][main][GridCollisionManager] Collision resolution is disabled (all jobs will be activated upon arrival).
[14:12:03,314][INFO][main][IgniteKernal] Security status [authentication=off, tls/ssl=off]
[14:12:03,778][INFO][main][TcpDiscoverySpi] Successfully bound to TCP port [port=47500, localHost=127.0.0.1/127.0.0.1, locNodeId=085ddd5f-578d-4290-a84f-0ef02528af73]
[14:12:03,830][WARNING][main][IgniteCacheDatabaseSharedManager] DataRegionConfiguration.maxWalArchiveSize instead DataRegionConfiguration.walHistorySize would be used for removing old archive wal files
[14:12:03,851][INFO][main][IgniteCacheDatabaseSharedManager] Configured data regions initialized successfully [total=3]
[14:12:03,890][INFO][main][PartitionsEvictManager] Evict partition permits=2
[14:12:03,997][WARNING][main][IgniteH2Indexing] Serialization of Java objects in H2 was enabled.
[14:12:04,360][INFO][main][ClientListenerProcessor] Client connector processor has started on TCP port 10800
[14:12:04,460][INFO][main][GridTcpRestProtocol] Command protocol successfully started [name=TCP binary, host=/127.0.0.1, port=11211]
[14:12:04,508][WARNING][main][PlatformProcessorImpl] Marshaller is automatically set to o.a.i.i.binary.BinaryMarshaller (other nodes must have the same marshaller type).
[14:12:05,345][INFO][main][IgniteKernal] Non-loopback local IPs: 192.168.129.1, 192.168.195.1, 192.168.43.176, 2401:4900:3150:f540:84d4:4c3:316e:276e, 2401:4900:3150:f540:c8e:4405:30c1:94df, fe80:0:0:0:10d0:dabd:cc9e:f44a%eth4, fe80:0:0:0:4ce1:9c0c:22e5:de98%eth3, fe80:0:0:0:4d89:5228:3776:44bf%eth5, fe80:0:0:0:6c7c:2e06:db2:4d2%wlan2, fe80:0:0:0:c8e:4405:30c1:94df%wlan7, fe80:0:0:0:ddc8:ca9f:b09e:f87%wlan1, fe80:0:0:0:ed8a:10af:6f50:5f7c%eth7
[14:12:05,348][INFO][main][IgniteKernal] Enabled local MACs: 005056C00001, 005056C00008, 3010B38F6A28, 5C93A2C290E4, 5E93A2C290E4, 5E93A2C298E4, C45444F3F0A4
[14:12:05,415][INFO][main][TcpDiscoverySpi] Connection check threshold is calculated: 200
[14:12:06,701][INFO][disco-notifier-worker-#41][GridClusterStateProcessor] Received activate request with BaselineTopology[id=0]
[14:12:06,707][INFO][disco-notifier-worker-#41][GridClusterStateProcessor] Started state transition: true
[14:12:06,709][INFO][disco-notifier-worker-#41][GridClusterStateProcessor] Received state change finish message: true
[14:12:06,712][INFO][disco-notifier-worker-#41][MvccProcessorImpl] Assigned mvcc coordinator [crd=MvccCoordinator [topVer=AffinityTopologyVersion [topVer=1, minorTopVer=0], nodeId=085ddd5f-578d-4290-a84f-0ef02528af73, ver=1587976926677, local=true, initialized=false]]
[14:12:06,772][INFO][disco-notifier-worker-#41][DistributedBaselineConfiguration] Baseline parameter 'baselineAutoAdjustEnabled' was changed from 'null' to 'true'
[14:12:06,780][INFO][disco-notifier-worker-#41][DistributedBaselineConfiguration] Baseline parameter 'baselineAutoAdjustTimeout' was changed from 'null' to '0'
[14:12:06,844][INFO][exchange-worker-#43][time] Started exchange init [topVer=AffinityTopologyVersion [topVer=1, minorTopVer=0], crd=true, evt=NODE_JOINED, evtNode=085ddd5f-578d-4290-a84f-0ef02528af73, customEvt=null, allowMerge=false, exchangeFreeSwitch=false]
[14:12:06,881][INFO][exchange-worker-#43][IgniteCacheDatabaseSharedManager] Configured data regions started successfully [total=3]
[14:12:06,882][INFO][exchange-worker-#43][msg] Components activation performed in 32 ms.
[14:12:07,075][INFO][exchange-worker-#43][GridCacheProcessor] Started cache [name=ignite-sys-cache, id=-2100569601, dataRegionName=sysMemPlc, mode=REPLICATED, atomicity=TRANSACTIONAL, backups=2147483647, mvcc=false]
[14:12:07,078][INFO][exchange-worker-#43][GridCacheProcessor] Starting caches on local join performed in 196 ms.
[14:12:07,111][INFO][exchange-worker-#43][GridDhtPartitionsExchangeFuture] Skipped waiting for partitions release future (local node is joining) [topVer=AffinityTopologyVersion [topVer=1, minorTopVer=0]]
[14:12:07,257][INFO][exchange-worker-#43][GridDhtPartitionsExchangeFuture] finishExchangeOnCoordinator [topVer=AffinityTopologyVersion [topVer=1, minorTopVer=0], resVer=AffinityTopologyVersion [topVer=1, minorTopVer=0]]
[14:12:07,310][INFO][exchange-worker-#43][GridDhtPartitionsExchangeFuture] Finish exchange future [startVer=AffinityTopologyVersion [topVer=1, minorTopVer=0], resVer=AffinityTopologyVersion [topVer=1, minorTopVer=0], err=null, rebalanced=true, wasRebalanced=false]
[14:12:07,330][INFO][exchange-worker-#43][GridCacheProcessor] Finish proxy initialization, cacheName=ignite-sys-cache, localNodeId=085ddd5f-578d-4290-a84f-0ef02528af73
[14:12:07,334][INFO][exchange-worker-#43][GridDhtPartitionsExchangeFuture] Completed partition exchange [localNode=085ddd5f-578d-4290-a84f-0ef02528af73, exchange=GridDhtPartitionsExchangeFuture [topVer=AffinityTopologyVersion [topVer=1, minorTopVer=0], evt=NODE_JOINED, evtNode=TcpDiscoveryNode [id=085ddd5f-578d-4290-a84f-0ef02528af73, consistentId=127.0.0.1:47500, addrs=ArrayList [127.0.0.1], sockAddrs=HashSet [/127.0.0.1:47500], discPort=47500, order=1, intOrder=1, lastExchangeTime=1587976925416, loc=true, ver=2.8.0#20200226-sha1:341b01df, isClient=false], done=true, newCrdFut=null], topVer=AffinityTopologyVersion [topVer=1, minorTopVer=0]]
[14:12:07,339][INFO][exchange-worker-#43][GridDhtPartitionsExchangeFuture] Exchange timings [startVer=AffinityTopologyVersion [topVer=1, minorTopVer=0], resVer=AffinityTopologyVersion [topVer=1, minorTopVer=0], stage="Waiting in exchange queue" (108 ms), stage="Exchange parameters initialization" (9 ms), stage="Components activation" (34 ms), stage="Determine exchange type" (225 ms), stage="Preloading notification" (1 ms), stage="WAL history reservation" (0 ms), stage="After states restored callback" (140 ms), stage="Waiting for all single messages" (0 ms), stage="Affinity recalculation (crd)" (10 ms), stage="Collect update counters and create affinity messages" (1 ms), stage="Validate partitions states" (17 ms), stage="Assign partitions states" (4 ms), stage="Apply update counters" (0 ms), stage="Full message preparing" (24 ms), stage="Full message sending" (0 ms), stage="State finish message sending" (0 ms), stage="Exchange done" (28 ms), stage="Total time" (601 ms)]
[14:12:07,345][INFO][exchange-worker-#43][GridDhtPartitionsExchangeFuture] Exchange longest local stages [startVer=AffinityTopologyVersion [topVer=1, minorTopVer=0], resVer=AffinityTopologyVersion [topVer=1, minorTopVer=0], stage="Coordinator affinity cache init [grp=ignite-sys-cache]" (207 ms) (parent=Determine exchange type), stage="First node affinity initialization (node join) [grp=ignite-sys-cache]" (8 ms) (parent=Determine exchange type)]
[14:12:07,348][INFO][exchange-worker-#43][time] Finished exchange init [topVer=AffinityTopologyVersion [topVer=1, minorTopVer=0], crd=true]
[14:12:07,358][INFO][exchange-worker-#43][GridCachePartitionExchangeManager] Skipping rebalancing (nothing scheduled) [top=AffinityTopologyVersion [topVer=1, minorTopVer=0], force=false, evt=NODE_JOINED, node=085ddd5f-578d-4290-a84f-0ef02528af73]
[14:12:07,481][INFO][main][IgniteKernal] Performance suggestions for grid  (fix if possible)
[14:12:07,498][INFO][main][IgniteKernal] To disable, set -DIGNITE_PERFORMANCE_SUGGESTIONS_DISABLED=true
[14:12:07,501][INFO][main][IgniteKernal]   ^-- Switch to the most recent 1.8 JVM version
[14:12:07,506][INFO][main][IgniteKernal]   ^-- Specify JVM heap max size (add '-Xmx<size>[g|G|m|M|k|K]' to JVM options)
[14:12:07,515][INFO][main][IgniteKernal]   ^-- Set max direct memory size if getting 'OOME: Direct buffer memory' (add '-XX:MaxDirectMemorySize=<size>[g|G|m|M|k|K]' to JVM options)
[14:12:07,518][INFO][main][IgniteKernal]   ^-- Disable processing of calls to System.gc() (add '-XX:+DisableExplicitGC' to JVM options)
[14:12:07,523][INFO][main][IgniteKernal] Refer to this page for more performance suggestions: https://apacheignite.readme.io/docs/jvm-and-system-tuning
[14:12:07,525][INFO][main][IgniteKernal] 
[14:12:07,527][INFO][main][IgniteKernal] To start Console Management & Monitoring run ignitevisorcmd.{sh|bat}
[14:12:07,532][INFO][main][IgniteKernal] Data Regions Configured:
[14:12:07,543][INFO][main][IgniteKernal]   ^-- default [initSize=256.0 MiB, maxSize=2.4 GiB, persistence=false, lazyMemoryAllocation=true]
[14:12:07,547][INFO][main][IgniteKernal] 

>>> +----------------------------------------------------------------------+
>>> Ignite ver. 2.8.0#20200226-sha1:341b01dfd8abf2d9b01d468ad1bb26dfe84ac4f6
>>> +----------------------------------------------------------------------+
>>> OS name: Windows 10 10.0 amd64
>>> CPU(s): 4
>>> Heap: 3.0GB
>>> VM name: 18084@DESKTOP-E7LFMHO
>>> Local node [ID=085DDD5F-578D-4290-A84F-0EF02528AF73, order=1, clientMode=false]
>>> Local node addresses: [127.0.0.1]
>>> Local ports: TCP:10800 TCP:11211 TCP:47100 UDP:47400 TCP:47500 

[14:12:07,557][INFO][main][GridDiscoveryManager] Topology snapshot [ver=1, locNode=085ddd5f, servers=1, clients=0, state=ACTIVE, CPUs=4, offheap=2.4GB, heap=3.0GB]
[14:12:07,558][INFO][main][GridDiscoveryManager]   ^-- Baseline [id=0, size=1, online=1, offline=0]
[14:12:07,561][INFO][main][G] Node started : [stage="Configure system pool" (186 ms),stage="Start managers" (1247 ms),stage="Configure binary metadata" (30 ms),stage="Start processors" (1164 ms),stage="Init metastore" (789 ms),stage="Finish recovery" (0 ms),stage="Join topology" (1332 ms),stage="Await transition" (32 ms),stage="Await exchange" (817 ms),stage="Total time" (5597 ms)]
[14:12:07,590][WARNING][main][] GC server mode is not enabled, this could lead to less than optimal performance on multi-core machines (to enable see http://msdn.microsoft.com/en-us/library/ms229357(v=vs.110).aspx).
[14:12:07,591][INFO][main][PluginProcessor] Configured .NET plugins:
[14:12:07,593][INFO][main][PluginProcessor]   ^-- None
[14:12:07,749][INFO][exchange-worker-#43][time] Started exchange init [topVer=AffinityTopologyVersion [topVer=1, minorTopVer=1], crd=true, evt=DISCOVERY_CUSTOM_EVT, evtNode=085ddd5f-578d-4290-a84f-0ef02528af73, customEvt=DynamicCacheChangeBatch [id=93fdccab171-dc47ded4-625b-4172-a0f2-dd0b139f016f, reqs=ArrayList [DynamicCacheChangeRequest [cacheName=student, hasCfg=true, nodeId=085ddd5f-578d-4290-a84f-0ef02528af73, clientStartOnly=false, stop=false, destroy=false, disabledAfterStartfalse]], exchangeActions=ExchangeActions [startCaches=[student], stopCaches=null, startGrps=[student], stopGrps=[], resetParts=null, stateChangeRequest=null], startCaches=false], allowMerge=false, exchangeFreeSwitch=false]
[14:12:07,881][INFO][exchange-worker-#43][GridCacheProcessor] Started cache [name=student, id=-1879145925, dataRegionName=default, mode=PARTITIONED, atomicity=ATOMIC, backups=0, mvcc=false]
[14:12:07,917][INFO][exchange-worker-#43][GridDhtPartitionsExchangeFuture] Finished waiting for partition release future [topVer=AffinityTopologyVersion [topVer=1, minorTopVer=1], waitTime=0ms, futInfo=NA, mode=DISTRIBUTED]
[14:12:07,928][INFO][exchange-worker-#43][GridDhtPartitionsExchangeFuture] Finished waiting for partitions release latch: ServerLatch [permits=0, pendingAcks=HashSet [], super=CompletableLatch [id=CompletableLatchUid [id=exchange, topVer=AffinityTopologyVersion [topVer=1, minorTopVer=1]]]]
[14:12:07,931][INFO][exchange-worker-#43][GridDhtPartitionsExchangeFuture] Finished waiting for partition release future [topVer=AffinityTopologyVersion [topVer=1, minorTopVer=1], waitTime=0ms, futInfo=NA, mode=LOCAL]
[14:12:08,151][INFO][exchange-worker-#43][GridDhtPartitionsExchangeFuture] finishExchangeOnCoordinator [topVer=AffinityTopologyVersion [topVer=1, minorTopVer=1], resVer=AffinityTopologyVersion [topVer=1, minorTopVer=1]]
[14:12:08,216][INFO][exchange-worker-#43][GridDhtPartitionsExchangeFuture] Finish exchange future [startVer=AffinityTopologyVersion [topVer=1, minorTopVer=1], resVer=AffinityTopologyVersion [topVer=1, minorTopVer=1], err=null, rebalanced=true, wasRebalanced=true]
[14:12:08,234][INFO][exchange-worker-#43][GridCacheProcessor] Finish proxy initialization, cacheName=student, localNodeId=085ddd5f-578d-4290-a84f-0ef02528af73
[14:12:08,242][INFO][exchange-worker-#43][GridDhtPartitionsExchangeFuture] Completed partition exchange [localNode=085ddd5f-578d-4290-a84f-0ef02528af73, exchange=GridDhtPartitionsExchangeFuture [topVer=AffinityTopologyVersion [topVer=1, minorTopVer=1], evt=DISCOVERY_CUSTOM_EVT, evtNode=TcpDiscoveryNode [id=085ddd5f-578d-4290-a84f-0ef02528af73, consistentId=127.0.0.1:47500, addrs=ArrayList [127.0.0.1], sockAddrs=HashSet [/127.0.0.1:47500], discPort=47500, order=1, intOrder=1, lastExchangeTime=1587976925416, loc=true, ver=2.8.0#20200226-sha1:341b01df, isClient=false], done=true, newCrdFut=null], topVer=AffinityTopologyVersion [topVer=1, minorTopVer=1]]
[14:12:08,291][INFO][exchange-worker-#43][GridDhtPartitionsExchangeFuture] Exchange timings [startVer=AffinityTopologyVersion [topVer=1, minorTopVer=1], resVer=AffinityTopologyVersion [topVer=1, minorTopVer=1], stage="Waiting in exchange queue" (0 ms), stage="Exchange parameters initialization" (7 ms), stage="Update caches registry" (6 ms), stage="Start caches" (125 ms), stage="Affinity initialization on cache group start" (21 ms), stage="Determine exchange type" (0 ms), stage="Preloading notification" (0 ms), stage="WAL history reservation" (0 ms), stage="Wait partitions release" (15 ms), stage="Wait partitions release latch" (5 ms), stage="Wait partitions release" (1 ms), stage="After states restored callback" (219 ms), stage="Waiting for all single messages" (0 ms), stage="Affinity recalculation (crd)" (5 ms), stage="Collect update counters and create affinity messages" (0 ms), stage="Validate partitions states" (0 ms), stage="Assign partitions states" (2 ms), stage="Apply update counters" (3 ms), stage="Full message preparing" (52 ms), stage="Full message sending" (0 ms), stage="Exchange done" (75 ms), stage="Total time" (536 ms)]
[14:12:08,303][INFO][exchange-worker-#43][GridDhtPartitionsExchangeFuture] Exchange longest local stages [startVer=AffinityTopologyVersion [topVer=1, minorTopVer=1], resVer=AffinityTopologyVersion [topVer=1, minorTopVer=1], stage="Affinity initialization on cache group start [grp=student]" (21 ms) (parent=Affinity initialization on cache group start)]
[14:12:08,308][INFO][exchange-worker-#43][time] Finished exchange init [topVer=AffinityTopologyVersion [topVer=1, minorTopVer=1], crd=true]
[14:12:08,323][INFO][exchange-worker-#43][GridCachePartitionExchangeManager] Skipping rebalancing (nothing scheduled) [top=AffinityTopologyVersion [topVer=1, minorTopVer=1], force=false, evt=DISCOVERY_CUSTOM_EVT, node=085ddd5f-578d-4290-a84f-0ef02528af73]
